# Logfile created on Fri Aug 27 10:46:53 +0300 2010  [4;36;1mSQL (1.0ms)[0m   [0;1m SELECT name
 FROM sqlite_master
 WHERE type = 'table' AND NOT name = 'sqlite_sequence'
[0m
  [4;35;1mSQL (1.0ms)[0m   [0mSELECT version FROM schema_migrations[0m
Migrating to CreateUsers (20100731072840)
Migrating to CreateSavageTables (20100827074732)
  [4;36;1mSQL (0.0ms)[0m   [0;1mselect sqlite_version(*)[0m
  [4;35;1mSQL (2.0ms)[0m   [0mCREATE TABLE "forums" ("id" INTEGER PRIMARY KEY AUTOINCREMENT NOT NULL, "name" varchar(255), "description" varchar(255), "topics_count" integer DEFAULT 0, "posts_count" integer DEFAULT 0, "position" integer, "description_html" text) [0m
  [4;36;1mSQL (0.0ms)[0m   [0;1mCREATE TABLE "moderatorships" ("id" INTEGER PRIMARY KEY AUTOINCREMENT NOT NULL, "forum_id" integer, "user_id" integer) [0m
  [4;35;1mSQL (0.0ms)[0m   [0mPRAGMA index_list("moderatorships")[0m
  [4;36;1mSQL (0.0ms)[0m   [0;1mCREATE INDEX "index_moderatorships_on_forum_id" ON "moderatorships" ("forum_id")[0m
  [4;35;1mSQL (1.0ms)[0m   [0mCREATE TABLE "monitorships" ("id" INTEGER PRIMARY KEY AUTOINCREMENT NOT NULL, "topic_id" integer, "user_id" integer, "active" boolean DEFAULT 't') [0m
  [4;36;1mSQL (0.0ms)[0m   [0;1mCREATE TABLE "posts" ("id" INTEGER PRIMARY KEY AUTOINCREMENT NOT NULL, "user_id" integer, "topic_id" integer, "body" text, "created_at" datetime, "updated_at" datetime, "forum_id" integer, "body_html" text) [0m
  [4;35;1mSQL (0.0ms)[0m   [0mPRAGMA index_list("posts")[0m
  [4;36;1mSQL (0.0ms)[0m   [0;1mCREATE INDEX "index_posts_on_forum_id" ON "posts" ("forum_id", "created_at")[0m
  [4;35;1mSQL (0.0ms)[0m   [0mPRAGMA index_list("posts")[0m
  [4;36;1mSQL (0.0ms)[0m   [0;1mPRAGMA index_info('index_posts_on_forum_id')[0m
  [4;35;1mSQL (0.0ms)[0m   [0mCREATE INDEX "index_posts_on_user_id" ON "posts" ("user_id", "created_at")[0m
  [4;36;1mSQL (0.0ms)[0m   [0;1mPRAGMA index_list("posts")[0m
  [4;35;1mSQL (0.0ms)[0m   [0mPRAGMA index_info('index_posts_on_user_id')[0m
  [4;36;1mSQL (0.0ms)[0m   [0;1mPRAGMA index_info('index_posts_on_forum_id')[0m
  [4;35;1mSQL (0.0ms)[0m   [0mCREATE INDEX "index_posts_on_topic_id" ON "posts" ("topic_id", "created_at")[0m
  [4;36;1mSQL (0.0ms)[0m   [0;1mCREATE TABLE "topics" ("id" INTEGER PRIMARY KEY AUTOINCREMENT NOT NULL, "forum_id" integer, "user_id" integer, "title" varchar(255), "created_at" datetime, "updated_at" datetime, "hits" integer DEFAULT 0, "sticky" integer DEFAULT 0, "posts_count" integer DEFAULT 0, "replied_at" datetime, "locked" boolean DEFAULT 'f', "replied_by" integer, "last_post_id" integer) [0m
  [4;35;1mSQL (0.0ms)[0m   [0mPRAGMA index_list("topics")[0m
  [4;36;1mSQL (0.0ms)[0m   [0;1mCREATE INDEX "index_topics_on_forum_id" ON "topics" ("forum_id")[0m
  [4;35;1mSQL (1.0ms)[0m   [0mPRAGMA index_list("topics")[0m
  [4;36;1mSQL (0.0ms)[0m   [0;1mPRAGMA index_info('index_topics_on_forum_id')[0m
  [4;35;1mSQL (0.0ms)[0m   [0mCREATE INDEX "index_topics_on_sticky_and_replied_at" ON "topics" ("forum_id", "sticky", "replied_at")[0m
  [4;36;1mSQL (0.0ms)[0m   [0;1mPRAGMA index_list("topics")[0m
  [4;35;1mSQL (0.0ms)[0m   [0mPRAGMA index_info('index_topics_on_sticky_and_replied_at')[0m
  [4;36;1mSQL (0.0ms)[0m   [0;1mPRAGMA index_info('index_topics_on_forum_id')[0m
  [4;35;1mSQL (0.0ms)[0m   [0mCREATE INDEX "index_topics_on_forum_id_and_replied_at" ON "topics" ("forum_id", "replied_at")[0m
  [4;36;1mSQL (0.0ms)[0m   [0;1mALTER TABLE "users" ADD "posts_count" integer DEFAULT 0[0m
  [4;35;1mSQL (0.0ms)[0m   [0mALTER TABLE "users" ADD "last_seen_at" datetime[0m
  [4;36;1mSQL (0.0ms)[0m   [0;1mINSERT INTO schema_migrations (version) VALUES ('20100827074732')[0m
  [4;35;1mSQL (0.0ms)[0m   [0m SELECT name
 FROM sqlite_master
 WHERE type = 'table' AND NOT name = 'sqlite_sequence'
[0m
  [4;36;1mSQL (0.0ms)[0m   [0;1mSELECT version FROM schema_migrations[0m
  [4;35;1mSQL (0.0ms)[0m   [0m SELECT name
 FROM sqlite_master
 WHERE type = 'table' AND NOT name = 'sqlite_sequence'
[0m
  [4;36;1mSQL (0.0ms)[0m   [0;1mPRAGMA index_list("forums")[0m
  [4;35;1mSQL (0.0ms)[0m   [0mPRAGMA index_list("moderatorships")[0m
  [4;36;1mSQL (0.0ms)[0m   [0;1mPRAGMA index_info('index_moderatorships_on_forum_id')[0m
  [4;35;1mSQL (0.0ms)[0m   [0mPRAGMA index_list("monitorships")[0m
  [4;36;1mSQL (0.0ms)[0m   [0;1mPRAGMA index_list("posts")[0m
  [4;35;1mSQL (0.0ms)[0m   [0mPRAGMA index_info('index_posts_on_topic_id')[0m
  [4;36;1mSQL (0.0ms)[0m   [0;1mPRAGMA index_info('index_posts_on_user_id')[0m
  [4;35;1mSQL (0.0ms)[0m   [0mPRAGMA index_info('index_posts_on_forum_id')[0m
  [4;36;1mSQL (0.0ms)[0m   [0;1mPRAGMA index_list("topics")[0m
  [4;35;1mSQL (0.0ms)[0m   [0mPRAGMA index_info('index_topics_on_forum_id_and_replied_at')[0m
  [4;36;1mSQL (0.0ms)[0m   [0;1mPRAGMA index_info('index_topics_on_sticky_and_replied_at')[0m
  [4;35;1mSQL (0.0ms)[0m   [0mPRAGMA index_info('index_topics_on_forum_id')[0m
  [4;36;1mSQL (0.0ms)[0m   [0;1mPRAGMA index_list("users")[0m
  [4;35;1mSQL (0.0ms)[0m   [0mPRAGMA index_info('index_users_on_identifier')[0m


Processing UsersController#index (for 127.0.0.1 at 2010-08-27 10:48:07) [GET]
  [4;36;1mUser Load (1.0ms)[0m   [0;1mSELECT * FROM "users" [0m
Rendering template within layouts/application
Rendering users/index
  [4;35;1mUser Load (0.0ms)[0m   [0mSELECT * FROM "users" WHERE ("users"."id" = 10) LIMIT 1[0m
Completed in 110ms (View: 23, DB: 1) | 200 OK [http://localhost/]


Processing ApplicationController#index (for 127.0.0.1 at 2010-08-27 10:48:21) [GET]

NameError (undefined method `admin?' for class `ForumsController'):
  vendor/plugins/savage-beast/app/controllers/forums_controller.rb:63

Rendered rescues/_trace (92.0ms)
Rendered rescues/_request_and_response (1.0ms)
Rendering rescues/layout (internal_server_error)


Processing ApplicationController#index (for 127.0.0.1 at 2010-08-27 10:52:32) [GET]

NameError (undefined method `admin?' for class `ForumsController'):
  vendor/plugins/savage-beast/app/controllers/forums_controller.rb:63

Rendered rescues/_trace (40.0ms)
Rendered rescues/_request_and_response (0.0ms)
Rendering rescues/layout (internal_server_error)


Processing UsersController#index (for 127.0.0.1 at 2010-08-27 10:52:49) [GET]
  [4;36;1mUser Load (1.0ms)[0m   [0;1mSELECT * FROM "users" [0m
Rendering template within layouts/application
Rendering users/index
  [4;35;1mUser Load (0.0ms)[0m   [0mSELECT * FROM "users" WHERE ("users"."id" = 10) LIMIT 1[0m
Completed in 22ms (View: 5, DB: 1) | 200 OK [http://localhost/]


Processing ApplicationController#index (for 127.0.0.1 at 2010-08-27 10:52:57) [GET]

NameError (undefined method `admin?' for class `ForumsController'):
  vendor/plugins/savage-beast/app/controllers/forums_controller.rb:63

Rendered rescues/_trace (39.0ms)
Rendered rescues/_request_and_response (0.0ms)
Rendering rescues/layout (internal_server_error)


Processing ApplicationController#index (for 127.0.0.1 at 2010-08-27 10:54:36) [GET]

NameError (undefined method `admin?' for class `ForumsController'):
  vendor/plugins/savage-beast/app/controllers/forums_controller.rb:63

Rendered rescues/_trace (39.0ms)
Rendered rescues/_request_and_response (0.0ms)
Rendering rescues/layout (internal_server_error)


Processing ApplicationController#index (for 127.0.0.1 at 2010-08-27 10:55:23) [GET]

NameError (undefined method `admin?' for class `ForumsController'):
  vendor/plugins/savage-beast/app/controllers/forums_controller.rb:63

Rendered rescues/_trace (39.0ms)
Rendered rescues/_request_and_response (0.0ms)
Rendering rescues/layout (internal_server_error)


Processing ForumsController#index (for 127.0.0.1 at 2010-08-27 10:55:42) [GET]
  [4;36;1mUser Load (0.0ms)[0m   [0;1mSELECT * FROM "users" WHERE ("users"."id" = 10) LIMIT 1[0m
Redirected to http://localhost:3000/login
Filter chain halted as [:require_user] rendered_or_redirected.
Completed in 68ms (DB: 0) | 302 Found [http://localhost/forums]


Processing UserSessionsController#new (for 127.0.0.1 at 2010-08-27 10:55:43) [GET]
Rendering template within layouts/application
Rendering user_sessions/new
  [4;35;1mUser Load (1.0ms)[0m   [0mSELECT * FROM "users" WHERE ("users"."id" = 10) LIMIT 1[0m
Completed in 40ms (View: 37, DB: 1) | 200 OK [http://localhost/login]


Processing UserSessionsController#new (for 127.0.0.1 at 2010-08-27 10:56:00) [GET]
Rendering template within layouts/application
Rendering user_sessions/new
  [4;36;1mUser Load (0.0ms)[0m   [0;1mSELECT * FROM "users" WHERE ("users"."id" = 10) LIMIT 1[0m
Completed in 24ms (View: 22, DB: 0) | 200 OK [http://localhost/login]


Processing ForumsController#index (for 127.0.0.1 at 2010-08-27 10:56:04) [GET]

ArgumentError (A copy of ApplicationController has been removed from the module tree but is still active!):
  app/controllers/application_controller.rb:26:in `current_user'
  app/controllers/application_controller.rb:30:in `require_user'

Rendered rescues/_trace (45.0ms)
Rendered rescues/_request_and_response (1.0ms)
Rendering rescues/layout (internal_server_error)


Processing ForumsController#index (for 127.0.0.1 at 2010-08-27 10:56:10) [GET]

ArgumentError (A copy of ApplicationController has been removed from the module tree but is still active!):
  app/controllers/application_controller.rb:26:in `current_user'
  app/controllers/application_controller.rb:30:in `require_user'

Rendered rescues/_trace (63.0ms)
Rendered rescues/_request_and_response (1.0ms)
Rendering rescues/layout (internal_server_error)


Processing ApplicationController#index (for 127.0.0.1 at 2010-08-27 10:56:49) [GET]

NameError (undefined method `admin?' for class `ForumsController'):
  vendor/plugins/savage-beast/app/controllers/forums_controller.rb:63

Rendered rescues/_trace (42.0ms)
Rendered rescues/_request_and_response (1.0ms)
Rendering rescues/layout (internal_server_error)


Processing ApplicationController#index (for 127.0.0.1 at 2010-08-27 10:57:02) [GET]

NameError (undefined method `admin?' for class `ForumsController'):
  vendor/plugins/savage-beast/app/controllers/forums_controller.rb:63

Rendered rescues/_trace (99.0ms)
Rendered rescues/_request_and_response (0.0ms)
Rendering rescues/layout (internal_server_error)


Processing ForumsController#index (for 127.0.0.1 at 2010-08-27 10:58:01) [GET]
  [4;36;1mUser Load (1.0ms)[0m   [0;1mSELECT * FROM "users" WHERE ("users"."id" = 10) LIMIT 1[0m
Redirected to http://localhost:3000/login
Filter chain halted as [:require_user] rendered_or_redirected.
Completed in 69ms (DB: 1) | 302 Found [http://localhost/forums]


Processing UserSessionsController#new (for 127.0.0.1 at 2010-08-27 10:58:02) [GET]
Rendering template within layouts/application
Rendering user_sessions/new
  [4;35;1mUser Load (0.0ms)[0m   [0mSELECT * FROM "users" WHERE ("users"."id" = 10) LIMIT 1[0m
Completed in 39ms (View: 36, DB: 0) | 200 OK [http://localhost/login]


Processing ForumsController#index (for 127.0.0.1 at 2010-08-27 10:58:09) [GET]

ArgumentError (A copy of ApplicationController has been removed from the module tree but is still active!):
  app/controllers/application_controller.rb:26:in `current_user'
  app/controllers/application_controller.rb:30:in `require_user'

Rendered rescues/_trace (45.0ms)
Rendered rescues/_request_and_response (1.0ms)
Rendering rescues/layout (internal_server_error)


Processing ForumsController#index (for 127.0.0.1 at 2010-08-27 10:58:17) [GET]

ArgumentError (A copy of ApplicationController has been removed from the module tree but is still active!):
  app/controllers/application_controller.rb:26:in `current_user'
  app/controllers/application_controller.rb:30:in `require_user'

Rendered rescues/_trace (63.0ms)
Rendered rescues/_request_and_response (0.0ms)
Rendering rescues/layout (internal_server_error)


Processing ForumsController#index (for 127.0.0.1 at 2010-08-27 10:58:38) [GET]
  [4;36;1mUser Load (0.0ms)[0m   [0;1mSELECT * FROM "users" WHERE ("users"."id" = 10) LIMIT 1[0m
Redirected to http://localhost:3000/login
Filter chain halted as [:require_user] rendered_or_redirected.
Completed in 67ms (DB: 0) | 302 Found [http://localhost/forums]


Processing UserSessionsController#new (for 127.0.0.1 at 2010-08-27 10:58:39) [GET]
Rendering template within layouts/application
Rendering user_sessions/new
  [4;35;1mUser Load (1.0ms)[0m   [0mSELECT * FROM "users" WHERE ("users"."id" = 10) LIMIT 1[0m
Completed in 39ms (View: 36, DB: 1) | 200 OK [http://localhost/login]


Processing UserSessionsController#create (for 127.0.0.1 at 2010-08-27 10:58:55) [POST]
  Parameters: {"token"=>"6b8d11133a3c8ad7927ade5d8d6c7cd1692cde37"}
  [4;36;1mUser Load (1.0ms)[0m   [0;1mSELECT * FROM "users" WHERE ("users"."identifier" = 'http://twitter.com/account/profile?user_id=10705042') LIMIT 1[0m
  [4;35;1mUser Load (1.0ms)[0m   [0mSELECT "users".id FROM "users" WHERE (LOWER("users"."identifier") = 'http://twitter.com/account/profile?user_id=10705042') LIMIT 1[0m
  [4;36;1mUser Load (0.0ms)[0m   [0;1mSELECT "users".id FROM "users" WHERE (LOWER("users"."username") = 'hatemmahmoud') LIMIT 1[0m
  [4;35;1mUser Load (0.0ms)[0m   [0mSELECT "users".id FROM "users" WHERE ("users"."email" IS NULL) LIMIT 1[0m
Redirected to http://localhost:3000/users/new
Completed in 8397ms (DB: 2) | 302 Found [http://localhost/user_sessions]


Processing UsersController#new (for 127.0.0.1 at 2010-08-27 10:59:04) [GET]
Rendering template within layouts/application
Rendering users/new
Rendered users/_form (63.0ms)
  [4;36;1mUser Load (1.0ms)[0m   [0;1mSELECT * FROM "users" WHERE ("users"."id" IS NULL) LIMIT 1[0m
Completed in 96ms (View: 76, DB: 1) | 200 OK [http://localhost/users/new]


Processing UsersController#create (for 127.0.0.1 at 2010-08-27 10:59:18) [POST]
  Parameters: {"commit"=>"Save", "authenticity_token"=>"lxNqbArPavZDKAELOgNhjHQ+TShD06r0xjrXaAHsHLg=", "user"=>{"username"=>"HatemMahmoud", "identifier"=>"http://twitter.com/account/profile?user_id=10705042", "email"=>"hatem.mb+t@gmail.com"}}
  [4;35;1mUser Load (0.0ms)[0m   [0mSELECT "users".id FROM "users" WHERE (LOWER("users"."identifier") = 'http://twitter.com/account/profile?user_id=10705042') LIMIT 1[0m
  [4;36;1mUser Load (0.0ms)[0m   [0;1mSELECT "users".id FROM "users" WHERE (LOWER("users"."username") = 'hatemmahmoud') LIMIT 1[0m
  [4;35;1mUser Load (0.0ms)[0m   [0mSELECT "users".id FROM "users" WHERE (LOWER("users"."email") = 'hatem.mb+t@gmail.com') LIMIT 1[0m
  [4;36;1mUser Create (1.0ms)[0m   [0;1mINSERT INTO "users" ("created_at", "updated_at", "last_seen_at", "username", "posts_count", "identifier", "email") VALUES('2010-08-27 07:59:18', '2010-08-27 07:59:18', NULL, 'HatemMahmoud', 0, 'http://twitter.com/account/profile?user_id=10705042', 'hatem.mb+t@gmail.com')[0m
Redirected to http://localhost:3000/forums
Completed in 102ms (DB: 1) | 302 Found [http://localhost/users]


Processing ForumsController#index (for 127.0.0.1 at 2010-08-27 10:59:19) [GET]

ArgumentError (A copy of ApplicationController has been removed from the module tree but is still active!):
  app/controllers/application_controller.rb:26:in `current_user'
  app/controllers/application_controller.rb:30:in `require_user'

Rendered rescues/_trace (46.0ms)
Rendered rescues/_request_and_response (1.0ms)
Rendering rescues/layout (internal_server_error)


Processing ForumsController#index (for 127.0.0.1 at 2010-08-27 10:59:24) [GET]

ArgumentError (A copy of ApplicationController has been removed from the module tree but is still active!):
  app/controllers/application_controller.rb:26:in `current_user'
  app/controllers/application_controller.rb:30:in `require_user'

Rendered rescues/_trace (62.0ms)
Rendered rescues/_request_and_response (0.0ms)
Rendering rescues/layout (internal_server_error)


Processing ForumsController#index (for 127.0.0.1 at 2010-08-27 10:59:27) [GET]

ArgumentError (A copy of ApplicationController has been removed from the module tree but is still active!):
  app/controllers/application_controller.rb:26:in `current_user'
  app/controllers/application_controller.rb:30:in `require_user'

Rendered rescues/_trace (132.0ms)
Rendered rescues/_request_and_response (0.0ms)
Rendering rescues/layout (internal_server_error)


Processing ForumsController#index (for 127.0.0.1 at 2010-08-27 10:59:44) [GET]
  [4;36;1mUser Load (0.0ms)[0m   [0;1mSELECT * FROM "users" WHERE ("users"."id" = 9) LIMIT 1[0m
  [4;35;1mForum Load (0.0ms)[0m   [0mSELECT * FROM "forums" ORDER BY position[0m
Rendering template within layouts/beast
Rendering forums/index

ActionView::TemplateError (undefined method `admin?' for #<ActionView::Base:0x65958c0>) on line #3 of vendor/plugins/savage-beast/app/views/forums/index.html.erb:
1: <% content_for :right do %>
2: 
3: <% if admin? %>
4: <h6><%=t(:admin_title) %></h6>
5: <p><%= link_to t(:create_new_forum), new_forum_path, :class => "utility" %></p>
6: <% end %>

    vendor/plugins/savage-beast/app/views/forums/index.html.erb:3
    vendor/plugins/savage-beast/app/views/forums/index.html.erb:1
    vendor/plugins/savage-beast/app/controllers/forums_controller.rb:12:in `index'

Rendered rescues/_trace (114.0ms)
Rendered rescues/_request_and_response (1.0ms)
Rendering rescues/layout (internal_server_error)


Processing ForumsController#index (for 127.0.0.1 at 2010-08-27 10:59:50) [GET]

ArgumentError (A copy of ApplicationController has been removed from the module tree but is still active!):
  app/controllers/application_controller.rb:26:in `current_user'
  app/controllers/application_controller.rb:30:in `require_user'

Rendered rescues/_trace (68.0ms)
Rendered rescues/_request_and_response (0.0ms)
Rendering rescues/layout (internal_server_error)


Processing ForumsController#index (for 127.0.0.1 at 2010-08-27 10:59:53) [GET]

ArgumentError (A copy of ApplicationController has been removed from the module tree but is still active!):
  app/controllers/application_controller.rb:26:in `current_user'
  app/controllers/application_controller.rb:30:in `require_user'

Rendered rescues/_trace (49.0ms)
Rendered rescues/_request_and_response (1.0ms)
Rendering rescues/layout (internal_server_error)


Processing ForumsController#index (for 127.0.0.1 at 2010-08-27 11:01:53) [GET]
  [4;36;1mUser Load (1.0ms)[0m   [0;1mSELECT * FROM "users" WHERE ("users"."id" = 9) LIMIT 1[0m
  [4;35;1mForum Load (0.0ms)[0m   [0mSELECT * FROM "forums" ORDER BY position[0m
Rendering template within layouts/beast
Rendering forums/index

ActionView::TemplateError (undefined method `admin?' for #<ActionView::Base:0x6487680>) on line #3 of vendor/plugins/savage-beast/app/views/forums/index.html.erb:
1: <% content_for :right do %>
2: 
3: <% if admin? %>
4: <h6><%=t(:admin_title) %></h6>
5: <p><%= link_to t(:create_new_forum), new_forum_path, :class => "utility" %></p>
6: <% end %>

    vendor/plugins/savage-beast/app/views/forums/index.html.erb:3
    vendor/plugins/savage-beast/app/views/forums/index.html.erb:1
    vendor/plugins/savage-beast/app/controllers/forums_controller.rb:12:in `index'

Rendered rescues/_trace (117.0ms)
Rendered rescues/_request_and_response (1.0ms)
Rendering rescues/layout (internal_server_error)


Processing ForumsController#index (for 127.0.0.1 at 2010-08-27 11:01:56) [GET]
  [4;36;1mUser Load (0.0ms)[0m   [0;1mSELECT * FROM "users" WHERE ("users"."id" = 9) LIMIT 1[0m
  [4;35;1mForum Load (0.0ms)[0m   [0mSELECT * FROM "forums" ORDER BY position[0m
Rendering template within layouts/beast
Rendering forums/index

ActionView::TemplateError (undefined method `admin?' for #<ActionView::Base:0x640c668>) on line #3 of vendor/plugins/savage-beast/app/views/forums/index.html.erb:
1: <% content_for :right do %>
2: 
3: <% if admin? %>
4: <h6><%=t(:admin_title) %></h6>
5: <p><%= link_to t(:create_new_forum), new_forum_path, :class => "utility" %></p>
6: <% end %>

    vendor/plugins/savage-beast/app/views/forums/index.html.erb:3
    vendor/plugins/savage-beast/app/views/forums/index.html.erb:1
    vendor/plugins/savage-beast/app/controllers/forums_controller.rb:12:in `index'

Rendered rescues/_trace (122.0ms)
Rendered rescues/_request_and_response (1.0ms)
Rendering rescues/layout (internal_server_error)


Processing ForumsController#index (for 127.0.0.1 at 2010-08-27 11:02:38) [GET]
  [4;36;1mUser Load (0.0ms)[0m   [0;1mSELECT * FROM "users" WHERE ("users"."id" = 9) LIMIT 1[0m
  [4;35;1mForum Load (0.0ms)[0m   [0mSELECT * FROM "forums" ORDER BY position[0m
Rendering template within layouts/beast
Rendering forums/index

ActionView::TemplateError (undefined method `admin?' for #<ActionView::Base:0x648ed48>) on line #3 of vendor/plugins/savage-beast/app/views/forums/index.html.erb:
1: <% content_for :right do %>
2: 
3: <% if admin? %>
4: <h6><%=t(:admin_title) %></h6>
5: <p><%= link_to t(:create_new_forum), new_forum_path, :class => "utility" %></p>
6: <% end %>

    vendor/plugins/savage-beast/app/views/forums/index.html.erb:3
    vendor/plugins/savage-beast/app/views/forums/index.html.erb:1
    vendor/plugins/savage-beast/app/controllers/forums_controller.rb:12:in `index'

Rendered rescues/_trace (122.0ms)
Rendered rescues/_request_and_response (0.0ms)
Rendering rescues/layout (internal_server_error)


Processing ForumsController#index (for 127.0.0.1 at 2010-08-27 11:02:44) [GET]
  [4;36;1mUser Load (0.0ms)[0m   [0;1mSELECT * FROM "users" WHERE ("users"."id" = 9) LIMIT 1[0m
  [4;35;1mForum Load (0.0ms)[0m   [0mSELECT * FROM "forums" ORDER BY position[0m
Rendering template within layouts/beast
Rendering forums/index

ActionView::TemplateError (undefined method `admin?' for #<ActionView::Base:0x650e350>) on line #3 of vendor/plugins/savage-beast/app/views/forums/index.html.erb:
1: <% content_for :right do %>
2: 
3: <% if admin? %>
4: <h6><%=t(:admin_title) %></h6>
5: <p><%= link_to t(:create_new_forum), new_forum_path, :class => "utility" %></p>
6: <% end %>

    vendor/plugins/savage-beast/app/views/forums/index.html.erb:3
    vendor/plugins/savage-beast/app/views/forums/index.html.erb:1
    vendor/plugins/savage-beast/app/controllers/forums_controller.rb:12:in `index'

Rendered rescues/_trace (121.0ms)
Rendered rescues/_request_and_response (0.0ms)
Rendering rescues/layout (internal_server_error)


Processing ForumsController#index (for 127.0.0.1 at 2010-08-27 11:03:12) [GET]
  [4;36;1mUser Load (1.0ms)[0m   [0;1mSELECT * FROM "users" WHERE ("users"."id" = 9) LIMIT 1[0m
  [4;35;1mForum Load (0.0ms)[0m   [0mSELECT * FROM "forums" ORDER BY position[0m
Rendering template within layouts/beast
Rendering forums/index
  [4;36;1mSQL (0.0ms)[0m   [0;1mSELECT count(*) AS count_all FROM "topics" [0m
  [4;35;1mCACHE (0.0ms)[0m   [0mSELECT count(*) AS count_all FROM "topics" [0m
  [4;36;1mSQL (0.0ms)[0m   [0;1mSELECT count(*) AS count_all FROM "posts" [0m
  [4;35;1mCACHE (0.0ms)[0m   [0mSELECT count(*) AS count_all FROM "posts" [0m
  [4;36;1mSQL (0.0ms)[0m   [0;1mSELECT count(*) AS count_all FROM "users" WHERE (posts_count > 0) [0m
Rendered layouts/_head (6.0ms)
Completed in 90ms (View: 31, DB: 1) | 200 OK [http://localhost/forums]


Processing ApplicationController#index (for 127.0.0.1 at 2010-08-27 11:03:14) [GET]

ActionController::RoutingError (No route matches "/javascripts/prototype.js" with {:method=>:get}):
  

Rendering rescues/layout (not_found)


Processing ApplicationController#index (for 127.0.0.1 at 2010-08-27 11:03:14) [GET]

ActionController::RoutingError (No route matches "/javascripts/effects.js" with {:method=>:get}):
  

Rendering rescues/layout (not_found)


Processing ForumsController#new (for 127.0.0.1 at 2010-08-27 11:04:54) [GET]
  [4;35;1mUser Load (1.0ms)[0m   [0mSELECT * FROM "users" WHERE ("users"."id" = 9) LIMIT 1[0m

NoMethodError (undefined method `login_required' for #<ForumsController:0x66691f8>):
  

Rendered rescues/_trace (42.0ms)
Rendered rescues/_request_and_response (1.0ms)
Rendering rescues/layout (internal_server_error)


Processing ForumsController#new (for 127.0.0.1 at 2010-08-27 11:08:29) [GET]
  [4;36;1mUser Load (1.0ms)[0m   [0;1mSELECT * FROM "users" WHERE ("users"."id" = 9) LIMIT 1[0m

NoMethodError (undefined method `login_required' for #<ForumsController:0x6344550>):
  

Rendered rescues/_trace (42.0ms)
Rendered rescues/_request_and_response (1.0ms)
Rendering rescues/layout (internal_server_error)


Processing ForumsController#new (for 127.0.0.1 at 2010-08-27 11:10:14) [GET]
  [4;35;1mUser Load (1.0ms)[0m   [0mSELECT * FROM "users" WHERE ("users"."id" = 9) LIMIT 1[0m
Rendering template within layouts/beast
Rendering forums/new
Rendered forums/_form (6.0ms)
Rendered layouts/_head (4.0ms)
Completed in 91ms (View: 30, DB: 1) | 200 OK [http://localhost/forums/new]


Processing ApplicationController#index (for 127.0.0.1 at 2010-08-27 11:10:16) [GET]

ActionController::RoutingError (No route matches "/javascripts/prototype.js" with {:method=>:get}):
  

Rendering rescues/layout (not_found)


Processing ApplicationController#index (for 127.0.0.1 at 2010-08-27 11:10:16) [GET]

ActionController::RoutingError (No route matches "/javascripts/effects.js" with {:method=>:get}):
  

Rendering rescues/layout (not_found)


Processing ForumsController#index (for 127.0.0.1 at 2010-08-27 11:12:58) [GET]
  [4;36;1mUser Load (0.0ms)[0m   [0;1mSELECT * FROM "users" WHERE ("users"."id" = 9) LIMIT 1[0m
  [4;35;1mForum Load (0.0ms)[0m   [0mSELECT * FROM "forums" ORDER BY position[0m
Rendering template within layouts/beast
Rendering forums/index
  [4;36;1mSQL (1.0ms)[0m   [0;1mSELECT count(*) AS count_all FROM "topics" [0m
  [4;35;1mCACHE (0.0ms)[0m   [0mSELECT count(*) AS count_all FROM "topics" [0m
  [4;36;1mSQL (0.0ms)[0m   [0;1mSELECT count(*) AS count_all FROM "posts" [0m
  [4;35;1mCACHE (0.0ms)[0m   [0mSELECT count(*) AS count_all FROM "posts" [0m
  [4;36;1mSQL (0.0ms)[0m   [0;1mSELECT count(*) AS count_all FROM "users" WHERE (posts_count > 0) [0m
Rendered layouts/_head (6.0ms)
Completed in 128ms (View: 42, DB: 1) | 200 OK [http://localhost/forums]


Processing ApplicationController#index (for 127.0.0.1 at 2010-08-27 11:12:59) [GET]

ActionController::RoutingError (No route matches "/javascripts/prototype.js" with {:method=>:get}):
  

Rendering rescues/layout (not_found)


Processing ApplicationController#index (for 127.0.0.1 at 2010-08-27 11:12:59) [GET]

ActionController::RoutingError (No route matches "/javascripts/effects.js" with {:method=>:get}):
  

Rendering rescues/layout (not_found)


Processing ForumsController#new (for 127.0.0.1 at 2010-08-27 11:13:08) [GET]
  [4;35;1mUser Load (0.0ms)[0m   [0mSELECT * FROM "users" WHERE ("users"."id" = 9) LIMIT 1[0m
Rendering template within layouts/beast
Rendering forums/new
Rendered forums/_form (6.0ms)
Rendered layouts/_head (3.0ms)
Completed in 96ms (View: 30, DB: 0) | 200 OK [http://localhost/forums/new]


Processing ApplicationController#index (for 127.0.0.1 at 2010-08-27 11:13:09) [GET]

ActionController::RoutingError (No route matches "/javascripts/prototype.js" with {:method=>:get}):
  

Rendering rescues/layout (not_found)


Processing ApplicationController#index (for 127.0.0.1 at 2010-08-27 11:13:09) [GET]

ActionController::RoutingError (No route matches "/javascripts/effects.js" with {:method=>:get}):
  

Rendering rescues/layout (not_found)


Processing ForumsController#new (for 127.0.0.1 at 2010-08-27 11:16:35) [GET]
  [4;36;1mUser Load (0.0ms)[0m   [0;1mSELECT * FROM "users" WHERE ("users"."id" = 9) LIMIT 1[0m
Rendering template within layouts/beast
Rendering forums/new
Rendered forums/_form (6.0ms)
Rendered layouts/_head (6.0ms)
Completed in 131ms (View: 46, DB: 0) | 200 OK [http://localhost/forums/new]


Processing ApplicationController#index (for 127.0.0.1 at 2010-08-27 11:16:36) [GET]

ActionController::RoutingError (No route matches "/javascripts/effects.js" with {:method=>:get}):
  

Rendering rescues/layout (not_found)


Processing ApplicationController#index (for 127.0.0.1 at 2010-08-27 11:16:36) [GET]

ActionController::RoutingError (No route matches "/javascripts/prototype.js" with {:method=>:get}):
  

Rendering rescues/layout (not_found)


Processing ApplicationController#index (for 127.0.0.1 at 2010-08-27 11:16:37) [GET]

ActionController::RoutingError (No route matches "/javascripts/effects.js" with {:method=>:get}):
  

Rendering rescues/layout (not_found)


Processing ForumsController#index (for 127.0.0.1 at 2010-08-27 11:16:41) [GET]
  [4;35;1mUser Load (0.0ms)[0m   [0mSELECT * FROM "users" WHERE ("users"."id" = 9) LIMIT 1[0m
  [4;36;1mForum Load (0.0ms)[0m   [0;1mSELECT * FROM "forums" ORDER BY position[0m
Rendering template within layouts/beast
Rendering forums/index
  [4;35;1mSQL (1.0ms)[0m   [0mSELECT count(*) AS count_all FROM "topics" [0m
  [4;36;1mCACHE (0.0ms)[0m   [0;1mSELECT count(*) AS count_all FROM "topics" [0m
  [4;35;1mSQL (0.0ms)[0m   [0mSELECT count(*) AS count_all FROM "posts" [0m
  [4;36;1mCACHE (0.0ms)[0m   [0;1mSELECT count(*) AS count_all FROM "posts" [0m
  [4;35;1mSQL (0.0ms)[0m   [0mSELECT count(*) AS count_all FROM "users" WHERE (posts_count > 0) [0m
Rendered layouts/_head (4.0ms)
Completed in 96ms (View: 28, DB: 1) | 200 OK [http://localhost/forums]


Processing ApplicationController#index (for 127.0.0.1 at 2010-08-27 11:16:42) [GET]

ActionController::RoutingError (No route matches "/javascripts/prototype.js" with {:method=>:get}):
  

Rendering rescues/layout (not_found)


Processing ApplicationController#index (for 127.0.0.1 at 2010-08-27 11:16:42) [GET]

ActionController::RoutingError (No route matches "/javascripts/effects.js" with {:method=>:get}):
  

Rendering rescues/layout (not_found)


Processing ForumsController#index (for 127.0.0.1 at 2010-08-27 11:16:53) [GET]
  [4;36;1mUser Load (0.0ms)[0m   [0;1mSELECT * FROM "users" WHERE ("users"."id" = 9) LIMIT 1[0m
  [4;35;1mForum Load (0.0ms)[0m   [0mSELECT * FROM "forums" ORDER BY position[0m
Rendering template within layouts/beast
Rendering forums/index
  [4;36;1mSQL (0.0ms)[0m   [0;1mSELECT count(*) AS count_all FROM "topics" [0m
  [4;35;1mCACHE (0.0ms)[0m   [0mSELECT count(*) AS count_all FROM "topics" [0m
  [4;36;1mSQL (0.0ms)[0m   [0;1mSELECT count(*) AS count_all FROM "posts" [0m
  [4;35;1mCACHE (0.0ms)[0m   [0mSELECT count(*) AS count_all FROM "posts" [0m
  [4;36;1mSQL (0.0ms)[0m   [0;1mSELECT count(*) AS count_all FROM "users" WHERE (posts_count > 0) [0m
Rendered layouts/_head (4.0ms)
Completed in 88ms (View: 21, DB: 0) | 200 OK [http://localhost/forums]


Processing ApplicationController#index (for 127.0.0.1 at 2010-08-27 11:16:55) [GET]

ActionController::RoutingError (No route matches "/javascripts/effects.js" with {:method=>:get}):
  

Rendering rescues/layout (not_found)


Processing ApplicationController#index (for 127.0.0.1 at 2010-08-27 11:16:55) [GET]

ActionController::RoutingError (No route matches "/javascripts/prototype.js" with {:method=>:get}):
  

Rendering rescues/layout (not_found)


Processing ApplicationController#index (for 127.0.0.1 at 2010-08-27 11:16:56) [GET]

ActionController::RoutingError (No route matches "/javascripts/effects.js" with {:method=>:get}):
  

Rendering rescues/layout (not_found)


Processing PostsController#index (for 127.0.0.1 at 2010-08-27 11:17:02) [GET]
  [4;35;1mUser Load (0.0ms)[0m   [0mSELECT * FROM "users" WHERE ("users"."id" = 9) LIMIT 1[0m
  [4;36;1mPost Load (0.0ms)[0m   [0;1mSELECT posts.*, topics.title as topic_title, forums.name as forum_name FROM "posts" inner join topics on posts.topic_id = topics.id inner join forums on topics.forum_id = forums.id ORDER BY posts.created_at desc LIMIT 25 OFFSET 0[0m
  [4;35;1mUser Load (0.0ms)[0m   [0mSELECT distinct * FROM "users" WHERE (id in (NULL)) [0m
Rendering template within layouts/beast
Rendering posts/index
Rendered layouts/_head (3.0ms)
Completed in 46ms (View: 23, DB: 0) | 200 OK [http://localhost/posts]


Processing ApplicationController#index (for 127.0.0.1 at 2010-08-27 11:17:03) [GET]

ActionController::RoutingError (No route matches "/javascripts/prototype.js" with {:method=>:get}):
  

Rendering rescues/layout (not_found)


Processing ApplicationController#index (for 127.0.0.1 at 2010-08-27 11:17:03) [GET]

ActionController::RoutingError (No route matches "/javascripts/effects.js" with {:method=>:get}):
  

Rendering rescues/layout (not_found)


Processing ForumsController#index (for 127.0.0.1 at 2010-08-27 11:17:14) [GET]
  [4;36;1mUser Load (0.0ms)[0m   [0;1mSELECT * FROM "users" WHERE ("users"."id" = 9) LIMIT 1[0m
  [4;35;1mForum Load (0.0ms)[0m   [0mSELECT * FROM "forums" ORDER BY position[0m
Rendering template within layouts/beast
Rendering forums/index
  [4;36;1mSQL (0.0ms)[0m   [0;1mSELECT count(*) AS count_all FROM "topics" [0m
  [4;35;1mCACHE (0.0ms)[0m   [0mSELECT count(*) AS count_all FROM "topics" [0m
  [4;36;1mSQL (1.0ms)[0m   [0;1mSELECT count(*) AS count_all FROM "posts" [0m
  [4;35;1mCACHE (0.0ms)[0m   [0mSELECT count(*) AS count_all FROM "posts" [0m
  [4;36;1mSQL (0.0ms)[0m   [0;1mSELECT count(*) AS count_all FROM "users" WHERE (posts_count > 0) [0m
Rendered layouts/_head (4.0ms)
Completed in 147ms (View: 19, DB: 1) | 200 OK [http://localhost/forums]


Processing ApplicationController#index (for 127.0.0.1 at 2010-08-27 11:17:15) [GET]

ActionController::RoutingError (No route matches "/javascripts/prototype.js" with {:method=>:get}):
  

Rendering rescues/layout (not_found)


Processing ApplicationController#index (for 127.0.0.1 at 2010-08-27 11:17:15) [GET]

ActionController::RoutingError (No route matches "/javascripts/effects.js" with {:method=>:get}):
  

Rendering rescues/layout (not_found)


Processing ForumsController#index (for 127.0.0.1 at 2010-08-27 11:18:12) [GET]
  [4;36;1mUser Load (1.0ms)[0m   [0;1mSELECT * FROM "users" WHERE ("users"."id" = 9) LIMIT 1[0m
  [4;35;1mForum Load (1.0ms)[0m   [0mSELECT * FROM "forums" ORDER BY position[0m
Rendering template within layouts/beast
Rendering forums/index
  [4;36;1mSQL (0.0ms)[0m   [0;1mSELECT count(*) AS count_all FROM "topics" [0m
  [4;35;1mCACHE (0.0ms)[0m   [0mSELECT count(*) AS count_all FROM "topics" [0m
  [4;36;1mSQL (1.0ms)[0m   [0;1mSELECT count(*) AS count_all FROM "posts" [0m
  [4;35;1mCACHE (0.0ms)[0m   [0mSELECT count(*) AS count_all FROM "posts" [0m
  [4;36;1mSQL (0.0ms)[0m   [0;1mSELECT count(*) AS count_all FROM "users" WHERE (posts_count > 0) [0m
Rendered layouts/_head (6.0ms)
Completed in 121ms (View: 41, DB: 3) | 200 OK [http://localhost/forums]


Processing ApplicationController#index (for 127.0.0.1 at 2010-08-27 11:18:13) [GET]

ActionController::RoutingError (No route matches "/javascripts/prototype.js" with {:method=>:get}):
  

Rendering rescues/layout (not_found)


Processing ApplicationController#index (for 127.0.0.1 at 2010-08-27 11:18:13) [GET]

ActionController::RoutingError (No route matches "/javascripts/effects.js" with {:method=>:get}):
  

Rendering rescues/layout (not_found)


Processing ForumsController#index (for 127.0.0.1 at 2010-08-27 11:18:16) [GET]

ArgumentError (A copy of ApplicationController has been removed from the module tree but is still active!):
  app/controllers/application_controller.rb:22:in `current_user'
  app/controllers/application_controller.rb:26:in `require_user'

Rendered rescues/_trace (105.0ms)
Rendered rescues/_request_and_response (1.0ms)
Rendering rescues/layout (internal_server_error)


Processing ForumsController#index (for 127.0.0.1 at 2010-08-27 11:18:18) [GET]

ArgumentError (A copy of ApplicationController has been removed from the module tree but is still active!):
  app/controllers/application_controller.rb:22:in `current_user'
  app/controllers/application_controller.rb:26:in `require_user'

Rendered rescues/_trace (62.0ms)
Rendered rescues/_request_and_response (0.0ms)
Rendering rescues/layout (internal_server_error)


Processing ForumsController#index (for 127.0.0.1 at 2010-08-27 11:18:20) [GET]

ArgumentError (A copy of ApplicationController has been removed from the module tree but is still active!):
  app/controllers/application_controller.rb:22:in `current_user'
  app/controllers/application_controller.rb:26:in `require_user'

Rendered rescues/_trace (59.0ms)
Rendered rescues/_request_and_response (0.0ms)
Rendering rescues/layout (internal_server_error)


Processing ForumsController#index (for 127.0.0.1 at 2010-08-27 11:18:38) [GET]
  [4;36;1mUser Load (0.0ms)[0m   [0;1mSELECT * FROM "users" WHERE ("users"."id" = 9) LIMIT 1[0m
  [4;35;1mForum Load (1.0ms)[0m   [0mSELECT * FROM "forums" ORDER BY position[0m
Rendering template within layouts/beast
Rendering forums/index
  [4;36;1mSQL (0.0ms)[0m   [0;1mSELECT count(*) AS count_all FROM "topics" [0m
  [4;35;1mCACHE (0.0ms)[0m   [0mSELECT count(*) AS count_all FROM "topics" [0m
  [4;36;1mSQL (1.0ms)[0m   [0;1mSELECT count(*) AS count_all FROM "posts" [0m
  [4;35;1mCACHE (0.0ms)[0m   [0mSELECT count(*) AS count_all FROM "posts" [0m
  [4;36;1mSQL (0.0ms)[0m   [0;1mSELECT count(*) AS count_all FROM "users" WHERE (posts_count > 0) [0m
Rendered layouts/_head (5.0ms)
Completed in 127ms (View: 44, DB: 2) | 200 OK [http://localhost/forums]


Processing ApplicationController#index (for 127.0.0.1 at 2010-08-27 11:18:40) [GET]

ActionController::RoutingError (No route matches "/javascripts/prototype.js" with {:method=>:get}):
  

Rendering rescues/layout (not_found)


Processing ApplicationController#index (for 127.0.0.1 at 2010-08-27 11:18:40) [GET]

ActionController::RoutingError (No route matches "/javascripts/effects.js" with {:method=>:get}):
  

Rendering rescues/layout (not_found)


Processing UsersController#index (for 127.0.0.1 at 2010-08-27 11:19:58) [GET]
  [4;35;1mUser Load (1.0ms)[0m   [0mSELECT * FROM "users" [0m
Rendering template within layouts/application
Rendering users/index
  [4;36;1mUser Load (0.0ms)[0m   [0;1mSELECT * FROM "users" WHERE ("users"."id" = 9) LIMIT 1[0m
Completed in 87ms (View: 23, DB: 1) | 200 OK [http://localhost/users]


Processing UserSessionsController#destroy (for 127.0.0.1 at 2010-08-27 11:20:02) [GET]
Redirected to http://localhost:3000/
Completed in 3ms (DB: 0) | 302 Found [http://localhost/logout]


Processing UsersController#index (for 127.0.0.1 at 2010-08-27 11:20:03) [GET]
  [4;35;1mUser Load (1.0ms)[0m   [0mSELECT * FROM "users" [0m
Rendering template within layouts/application
Rendering users/index
  [4;36;1mUser Load (1.0ms)[0m   [0;1mSELECT * FROM "users" WHERE ("users"."id" IS NULL) LIMIT 1[0m
Completed in 127ms (View: 5, DB: 2) | 200 OK [http://localhost/]


Processing UsersController#index (for 127.0.0.1 at 2010-08-27 11:20:59) [GET]
  [4;35;1mUser Load (1.0ms)[0m   [0mSELECT * FROM "users" [0m
Rendering template within layouts/application
Rendering users/index
  [4;36;1mUser Load (0.0ms)[0m   [0;1mSELECT * FROM "users" WHERE ("users"."id" IS NULL) LIMIT 1[0m
Completed in 78ms (View: 13, DB: 1) | 200 OK [http://localhost/]


Processing ForumsController#index (for 127.0.0.1 at 2010-08-27 11:21:05) [GET]
  [4;35;1mUser Load (1.0ms)[0m   [0mSELECT * FROM "users" WHERE ("users"."id" IS NULL) LIMIT 1[0m
Redirected to http://localhost:3000/login
Filter chain halted as [:require_user] rendered_or_redirected.
Completed in 65ms (DB: 1) | 302 Found [http://localhost/forums]


Processing UserSessionsController#new (for 127.0.0.1 at 2010-08-27 11:21:07) [GET]
Rendering template within layouts/application
Rendering user_sessions/new
  [4;36;1mUser Load (0.0ms)[0m   [0;1mSELECT * FROM "users" WHERE ("users"."id" IS NULL) LIMIT 1[0m
Completed in 80ms (View: 77, DB: 0) | 200 OK [http://localhost/login]


Processing ForumsController#index (for 127.0.0.1 at 2010-08-27 11:22:45) [GET]
  [4;35;1mForum Load (1.0ms)[0m   [0mSELECT * FROM "forums" ORDER BY position[0m
Rendering template within layouts/beast
Rendering forums/index
  [4;36;1mSQL (1.0ms)[0m   [0;1mSELECT count(*) AS count_all FROM "topics" [0m
  [4;35;1mCACHE (0.0ms)[0m   [0mSELECT count(*) AS count_all FROM "topics" [0m
  [4;36;1mSQL (0.0ms)[0m   [0;1mSELECT count(*) AS count_all FROM "posts" [0m
  [4;35;1mCACHE (0.0ms)[0m   [0mSELECT count(*) AS count_all FROM "posts" [0m
  [4;36;1mSQL (0.0ms)[0m   [0;1mSELECT count(*) AS count_all FROM "users" WHERE (posts_count > 0) [0m
  [4;35;1mUser Load (0.0ms)[0m   [0mSELECT * FROM "users" WHERE ("users"."id" IS NULL) LIMIT 1[0m
  [4;36;1mCACHE (0.0ms)[0m   [0;1mSELECT * FROM "users" WHERE ("users"."id" IS NULL) LIMIT 1[0m
Rendered layouts/_head (6.0ms)
Completed in 153ms (View: 134, DB: 2) | 200 OK [http://localhost/forums]


Processing ApplicationController#index (for 127.0.0.1 at 2010-08-27 11:22:46) [GET]

ActionController::RoutingError (No route matches "/javascripts/prototype.js" with {:method=>:get}):
  

Rendering rescues/layout (not_found)


Processing ApplicationController#index (for 127.0.0.1 at 2010-08-27 11:22:46) [GET]

ActionController::RoutingError (No route matches "/javascripts/effects.js" with {:method=>:get}):
  

Rendering rescues/layout (not_found)


Processing ForumsController#index (for 127.0.0.1 at 2010-08-27 11:23:30) [GET]
  [4;35;1mUser Load (1.0ms)[0m   [0mSELECT * FROM "users" WHERE ("users"."id" IS NULL) LIMIT 1[0m
Redirected to http://localhost:3000/login
Filter chain halted as [:require_user] rendered_or_redirected.
Completed in 84ms (DB: 1) | 302 Found [http://localhost/forums]


Processing UserSessionsController#new (for 127.0.0.1 at 2010-08-27 11:23:31) [GET]
Rendering template within layouts/application
Rendering user_sessions/new
  [4;36;1mUser Load (0.0ms)[0m   [0;1mSELECT * FROM "users" WHERE ("users"."id" IS NULL) LIMIT 1[0m
Completed in 145ms (View: 142, DB: 0) | 200 OK [http://localhost/login]


Processing UserSessionsController#create (for 127.0.0.1 at 2010-08-27 11:23:39) [POST]
  Parameters: {"token"=>"d4372aa5b61f7a0bdf33d6f4551855fa4aac2b49"}
  [4;35;1mUser Load (1.0ms)[0m   [0mSELECT * FROM "users" WHERE ("users"."identifier" = 'http://twitter.com/account/profile?user_id=10705042') LIMIT 1[0m
Redirected to http://localhost:3000/forums
Completed in 8869ms (DB: 1) | 302 Found [http://localhost/user_sessions]


Processing ForumsController#index (for 127.0.0.1 at 2010-08-27 11:23:49) [GET]
  [4;36;1mUser Load (0.0ms)[0m   [0;1mSELECT * FROM "users" WHERE ("users"."id" = 9) LIMIT 1[0m
  [4;35;1mForum Load (1.0ms)[0m   [0mSELECT * FROM "forums" ORDER BY position[0m
Rendering template within layouts/beast
Rendering forums/index
  [4;36;1mSQL (0.0ms)[0m   [0;1mSELECT count(*) AS count_all FROM "topics" [0m
  [4;35;1mCACHE (0.0ms)[0m   [0mSELECT count(*) AS count_all FROM "topics" [0m
  [4;36;1mSQL (0.0ms)[0m   [0;1mSELECT count(*) AS count_all FROM "posts" [0m
  [4;35;1mCACHE (0.0ms)[0m   [0mSELECT count(*) AS count_all FROM "posts" [0m
  [4;36;1mSQL (0.0ms)[0m   [0;1mSELECT count(*) AS count_all FROM "users" WHERE (posts_count > 0) [0m
Rendered layouts/_head (4.0ms)
Completed in 143ms (View: 21, DB: 1) | 200 OK [http://localhost/forums]


Processing ApplicationController#index (for 127.0.0.1 at 2010-08-27 11:23:50) [GET]

ActionController::RoutingError (No route matches "/javascripts/prototype.js" with {:method=>:get}):
  

Rendering rescues/layout (not_found)


Processing ApplicationController#index (for 127.0.0.1 at 2010-08-27 11:23:50) [GET]

ActionController::RoutingError (No route matches "/javascripts/effects.js" with {:method=>:get}):
  

Rendering rescues/layout (not_found)


Processing ForumsController#new (for 127.0.0.1 at 2010-08-27 11:24:30) [GET]
  [4;35;1mUser Load (0.0ms)[0m   [0mSELECT * FROM "users" WHERE ("users"."id" = 9) LIMIT 1[0m
Rendering template within layouts/beast
Rendering forums/new
Rendered forums/_form (6.0ms)
Rendered layouts/_head (4.0ms)
Completed in 153ms (View: 30, DB: 0) | 200 OK [http://localhost/forums/new]


Processing ApplicationController#index (for 127.0.0.1 at 2010-08-27 11:24:31) [GET]

ActionController::RoutingError (No route matches "/javascripts/prototype.js" with {:method=>:get}):
  

Rendering rescues/layout (not_found)


Processing ApplicationController#index (for 127.0.0.1 at 2010-08-27 11:24:31) [GET]

ActionController::RoutingError (No route matches "/javascripts/effects.js" with {:method=>:get}):
  

Rendering rescues/layout (not_found)


Processing ForumsController#new (for 127.0.0.1 at 2010-08-27 11:25:28) [GET]
  [4;36;1mUser Load (0.0ms)[0m   [0;1mSELECT * FROM "users" WHERE ("users"."id" = 9) LIMIT 1[0m
Rendering template within layouts/beast
Rendering forums/new
Rendered forums/_form (6.0ms)
Rendered layouts/_head (6.0ms)
Completed in 123ms (View: 45, DB: 0) | 200 OK [http://localhost/forums/new]


Processing ApplicationController#index (for 127.0.0.1 at 2010-08-27 11:25:29) [GET]

ActionController::RoutingError (No route matches "/javascripts/prototype.js" with {:method=>:get}):
  

Rendering rescues/layout (not_found)


Processing ApplicationController#index (for 127.0.0.1 at 2010-08-27 11:25:29) [GET]

ActionController::RoutingError (No route matches "/javascripts/effects.js" with {:method=>:get}):
  

Rendering rescues/layout (not_found)


Processing ForumsController#new (for 127.0.0.1 at 2010-08-27 11:25:39) [GET]
  [4;35;1mUser Load (1.0ms)[0m   [0mSELECT * FROM "users" WHERE ("users"."id" = 9) LIMIT 1[0m
Rendering template within layouts/beast
Rendering forums/new
Rendered forums/_form (4.0ms)
Rendered layouts/_head (3.0ms)
Completed in 84ms (View: 19, DB: 1) | 200 OK [http://localhost/forums/new]


Processing ApplicationController#index (for 127.0.0.1 at 2010-08-27 11:25:40) [GET]

ActionController::RoutingError (No route matches "/javascripts/effects.js" with {:method=>:get}):
  

Rendering rescues/layout (not_found)


Processing ApplicationController#index (for 127.0.0.1 at 2010-08-27 11:25:40) [GET]

ActionController::RoutingError (No route matches "/javascripts/prototype.js" with {:method=>:get}):
  

Rendering rescues/layout (not_found)


Processing ApplicationController#index (for 127.0.0.1 at 2010-08-27 11:25:41) [GET]

ActionController::RoutingError (No route matches "/javascripts/effects.js" with {:method=>:get}):
  

Rendering rescues/layout (not_found)


Processing ForumsController#new (for 127.0.0.1 at 2010-08-27 11:26:01) [GET]
  [4;36;1mUser Load (1.0ms)[0m   [0;1mSELECT * FROM "users" WHERE ("users"."id" = 9) LIMIT 1[0m
Rendering template within layouts/beast
Rendering forums/new
Rendered forums/_form (4.0ms)
Rendered layouts/_head (3.0ms)
Completed in 87ms (View: 19, DB: 1) | 200 OK [http://localhost/forums/new]


Processing ApplicationController#index (for 127.0.0.1 at 2010-08-27 11:26:03) [GET]

ActionController::RoutingError (No route matches "/javascripts/prototype.js" with {:method=>:get}):
  

Rendering rescues/layout (not_found)


Processing ApplicationController#index (for 127.0.0.1 at 2010-08-27 11:26:03) [GET]

ActionController::RoutingError (No route matches "/javascripts/effects.js" with {:method=>:get}):
  

Rendering rescues/layout (not_found)


Processing ForumsController#new (for 127.0.0.1 at 2010-08-27 11:26:20) [GET]
  [4;35;1mUser Load (0.0ms)[0m   [0mSELECT * FROM "users" WHERE ("users"."id" = 9) LIMIT 1[0m
Rendering template within layouts/beast
Rendering forums/new
Rendered forums/_form (3.0ms)
Rendered layouts/_head (3.0ms)
Completed in 146ms (View: 19, DB: 0) | 200 OK [http://localhost/forums/new]


Processing ApplicationController#index (for 127.0.0.1 at 2010-08-27 11:26:21) [GET]

ActionController::RoutingError (No route matches "/javascripts/prototype.js" with {:method=>:get}):
  

Rendering rescues/layout (not_found)


Processing ApplicationController#index (for 127.0.0.1 at 2010-08-27 11:26:21) [GET]

ActionController::RoutingError (No route matches "/javascripts/effects.js" with {:method=>:get}):
  

Rendering rescues/layout (not_found)


Processing ForumsController#index (for 127.0.0.1 at 2010-08-27 11:26:28) [GET]
  [4;36;1mUser Load (1.0ms)[0m   [0;1mSELECT * FROM "users" WHERE ("users"."id" = 9) LIMIT 1[0m
  [4;35;1mForum Load (0.0ms)[0m   [0mSELECT * FROM "forums" ORDER BY position[0m
Rendering template within layouts/beast
Rendering forums/index
  [4;36;1mSQL (0.0ms)[0m   [0;1mSELECT count(*) AS count_all FROM "topics" [0m
  [4;35;1mCACHE (0.0ms)[0m   [0mSELECT count(*) AS count_all FROM "topics" [0m
  [4;36;1mSQL (0.0ms)[0m   [0;1mSELECT count(*) AS count_all FROM "posts" [0m
  [4;35;1mCACHE (0.0ms)[0m   [0mSELECT count(*) AS count_all FROM "posts" [0m
  [4;36;1mSQL (0.0ms)[0m   [0;1mSELECT count(*) AS count_all FROM "users" WHERE (posts_count > 0) [0m
Rendered layouts/_head (3.0ms)
Completed in 151ms (View: 83, DB: 1) | 200 OK [http://localhost/forums]


Processing ApplicationController#index (for 127.0.0.1 at 2010-08-27 11:26:29) [GET]

ActionController::RoutingError (No route matches "/javascripts/prototype.js" with {:method=>:get}):
  

Rendering rescues/layout (not_found)


Processing ApplicationController#index (for 127.0.0.1 at 2010-08-27 11:26:29) [GET]

ActionController::RoutingError (No route matches "/javascripts/effects.js" with {:method=>:get}):
  

Rendering rescues/layout (not_found)


Processing ForumsController#index (for 127.0.0.1 at 2010-08-27 11:27:08) [GET]
  [4;35;1mUser Load (0.0ms)[0m   [0mSELECT * FROM "users" WHERE ("users"."id" = 9) LIMIT 1[0m
  [4;36;1mForum Load (1.0ms)[0m   [0;1mSELECT * FROM "forums" ORDER BY position[0m
Rendering template within layouts/beast
Rendering forums/index
  [4;35;1mSQL (0.0ms)[0m   [0mSELECT count(*) AS count_all FROM "topics" [0m
  [4;36;1mCACHE (0.0ms)[0m   [0;1mSELECT count(*) AS count_all FROM "topics" [0m
  [4;35;1mSQL (0.0ms)[0m   [0mSELECT count(*) AS count_all FROM "posts" [0m
  [4;36;1mCACHE (0.0ms)[0m   [0;1mSELECT count(*) AS count_all FROM "posts" [0m
  [4;35;1mSQL (0.0ms)[0m   [0mSELECT count(*) AS count_all FROM "users" WHERE (posts_count > 0) [0m
Rendered layouts/_head (4.0ms)
Completed in 89ms (View: 21, DB: 1) | 200 OK [http://localhost/forums]


Processing ApplicationController#index (for 127.0.0.1 at 2010-08-27 11:27:10) [GET]

ActionController::RoutingError (No route matches "/javascripts/prototype.js" with {:method=>:get}):
  

Rendering rescues/layout (not_found)


Processing ApplicationController#index (for 127.0.0.1 at 2010-08-27 11:27:10) [GET]

ActionController::RoutingError (No route matches "/javascripts/effects.js" with {:method=>:get}):
  

Rendering rescues/layout (not_found)


Processing ForumsController#index (for 127.0.0.1 at 2010-08-27 11:27:29) [GET]
  [4;36;1mUser Load (0.0ms)[0m   [0;1mSELECT * FROM "users" WHERE ("users"."id" = 9) LIMIT 1[0m
  [4;35;1mForum Load (0.0ms)[0m   [0mSELECT * FROM "forums" ORDER BY position[0m
Rendering template within layouts/beast
Rendering forums/index
  [4;36;1mSQL (0.0ms)[0m   [0;1mSELECT count(*) AS count_all FROM "topics" [0m
  [4;35;1mCACHE (0.0ms)[0m   [0mSELECT count(*) AS count_all FROM "topics" [0m
  [4;36;1mSQL (0.0ms)[0m   [0;1mSELECT count(*) AS count_all FROM "posts" [0m
  [4;35;1mCACHE (0.0ms)[0m   [0mSELECT count(*) AS count_all FROM "posts" [0m
  [4;36;1mSQL (0.0ms)[0m   [0;1mSELECT count(*) AS count_all FROM "users" WHERE (posts_count > 0) [0m
Rendered layouts/_head (3.0ms)
Completed in 92ms (View: 21, DB: 0) | 200 OK [http://localhost/forums]


Processing ApplicationController#index (for 127.0.0.1 at 2010-08-27 11:27:30) [GET]

ActionController::RoutingError (No route matches "/javascripts/prototype.js" with {:method=>:get}):
  

Rendering rescues/layout (not_found)


Processing ApplicationController#index (for 127.0.0.1 at 2010-08-27 11:27:30) [GET]

ActionController::RoutingError (No route matches "/javascripts/effects.js" with {:method=>:get}):
  

Rendering rescues/layout (not_found)


Processing ForumsController#new (for 127.0.0.1 at 2010-08-27 11:27:43) [GET]
  [4;35;1mUser Load (0.0ms)[0m   [0mSELECT * FROM "users" WHERE ("users"."id" = 9) LIMIT 1[0m
Rendering template within layouts/beast
Rendering forums/new
Rendered forums/_form (4.0ms)
Rendered layouts/_head (3.0ms)
Completed in 86ms (View: 20, DB: 0) | 200 OK [http://localhost/forums/new]


Processing ApplicationController#index (for 127.0.0.1 at 2010-08-27 11:27:44) [GET]

ActionController::RoutingError (No route matches "/javascripts/prototype.js" with {:method=>:get}):
  

Rendering rescues/layout (not_found)


Processing ApplicationController#index (for 127.0.0.1 at 2010-08-27 11:27:44) [GET]

ActionController::RoutingError (No route matches "/javascripts/effects.js" with {:method=>:get}):
  

Rendering rescues/layout (not_found)


Processing ForumsController#new (for 127.0.0.1 at 2010-08-27 11:27:52) [GET]
  [4;36;1mUser Load (0.0ms)[0m   [0;1mSELECT * FROM "users" WHERE ("users"."id" = 9) LIMIT 1[0m
Rendering template within layouts/beast
Rendering forums/new
Rendered forums/_form (4.0ms)
Rendered layouts/_head (3.0ms)
Completed in 147ms (View: 21, DB: 0) | 200 OK [http://localhost/forums/new]


Processing ApplicationController#index (for 127.0.0.1 at 2010-08-27 11:27:53) [GET]

ActionController::RoutingError (No route matches "/javascripts/prototype.js" with {:method=>:get}):
  

Rendering rescues/layout (not_found)


Processing ApplicationController#index (for 127.0.0.1 at 2010-08-27 11:27:53) [GET]

ActionController::RoutingError (No route matches "/javascripts/effects.js" with {:method=>:get}):
  

Rendering rescues/layout (not_found)


Processing ForumsController#index (for 127.0.0.1 at 2010-08-27 11:27:58) [GET]
  [4;35;1mUser Load (0.0ms)[0m   [0mSELECT * FROM "users" WHERE ("users"."id" = 9) LIMIT 1[0m
  [4;36;1mForum Load (1.0ms)[0m   [0;1mSELECT * FROM "forums" ORDER BY position[0m
Rendering template within layouts/beast
Rendering forums/index
  [4;35;1mSQL (1.0ms)[0m   [0mSELECT count(*) AS count_all FROM "topics" [0m
  [4;36;1mCACHE (0.0ms)[0m   [0;1mSELECT count(*) AS count_all FROM "topics" [0m
  [4;35;1mSQL (0.0ms)[0m   [0mSELECT count(*) AS count_all FROM "posts" [0m
  [4;36;1mCACHE (0.0ms)[0m   [0;1mSELECT count(*) AS count_all FROM "posts" [0m
  [4;35;1mSQL (0.0ms)[0m   [0mSELECT count(*) AS count_all FROM "users" WHERE (posts_count > 0) [0m
Rendered layouts/_head (3.0ms)
Completed in 148ms (View: 79, DB: 2) | 200 OK [http://localhost/forums]


Processing ApplicationController#index (for 127.0.0.1 at 2010-08-27 11:27:59) [GET]

ActionController::RoutingError (No route matches "/javascripts/prototype.js" with {:method=>:get}):
  

Rendering rescues/layout (not_found)


Processing ApplicationController#index (for 127.0.0.1 at 2010-08-27 11:27:59) [GET]

ActionController::RoutingError (No route matches "/javascripts/effects.js" with {:method=>:get}):
  

Rendering rescues/layout (not_found)


Processing ForumsController#index (for 127.0.0.1 at 2010-08-27 11:28:43) [GET]
  [4;36;1mUser Load (1.0ms)[0m   [0;1mSELECT * FROM "users" WHERE ("users"."id" = 9) LIMIT 1[0m
  [4;35;1mForum Load (1.0ms)[0m   [0mSELECT * FROM "forums" ORDER BY position[0m
Rendering template within layouts/beast
Rendering forums/index
  [4;36;1mSQL (1.0ms)[0m   [0;1mSELECT count(*) AS count_all FROM "topics" [0m
  [4;35;1mCACHE (0.0ms)[0m   [0mSELECT count(*) AS count_all FROM "topics" [0m
  [4;36;1mSQL (0.0ms)[0m   [0;1mSELECT count(*) AS count_all FROM "posts" [0m
  [4;35;1mCACHE (0.0ms)[0m   [0mSELECT count(*) AS count_all FROM "posts" [0m
  [4;36;1mSQL (1.0ms)[0m   [0;1mSELECT count(*) AS count_all FROM "users" WHERE (posts_count > 0) [0m
Rendered layouts/_head (4.0ms)
Completed in 89ms (View: 20, DB: 4) | 200 OK [http://localhost/forums]


Processing ApplicationController#index (for 127.0.0.1 at 2010-08-27 11:28:44) [GET]

ActionController::RoutingError (No route matches "/javascripts/prototype.js" with {:method=>:get}):
  

Rendering rescues/layout (not_found)


Processing ApplicationController#index (for 127.0.0.1 at 2010-08-27 11:28:44) [GET]

ActionController::RoutingError (No route matches "/javascripts/effects.js" with {:method=>:get}):
  

Rendering rescues/layout (not_found)


Processing ForumsController#new (for 127.0.0.1 at 2010-08-27 11:28:52) [GET]
  [4;35;1mUser Load (1.0ms)[0m   [0mSELECT * FROM "users" WHERE ("users"."id" = 9) LIMIT 1[0m
Rendering template within layouts/beast
Rendering forums/new
Rendered forums/_form (4.0ms)
Rendered layouts/_head (3.0ms)
Completed in 85ms (View: 19, DB: 1) | 200 OK [http://localhost/forums/new]


Processing ApplicationController#index (for 127.0.0.1 at 2010-08-27 11:28:53) [GET]

ActionController::RoutingError (No route matches "/javascripts/prototype.js" with {:method=>:get}):
  

Rendering rescues/layout (not_found)


Processing ApplicationController#index (for 127.0.0.1 at 2010-08-27 11:28:53) [GET]

ActionController::RoutingError (No route matches "/javascripts/effects.js" with {:method=>:get}):
  

Rendering rescues/layout (not_found)


Processing ForumsController#new (for 127.0.0.1 at 2010-08-27 11:29:42) [GET]
  [4;36;1mUser Load (0.0ms)[0m   [0;1mSELECT * FROM "users" WHERE ("users"."id" = 9) LIMIT 1[0m
Rendering template within layouts/beast
Rendering forums/new
Rendered forums/_form (3.0ms)
Rendered layouts/_head (3.0ms)
Completed in 85ms (View: 19, DB: 0) | 200 OK [http://localhost/forums/new]


Processing ApplicationController#index (for 127.0.0.1 at 2010-08-27 11:29:43) [GET]

ActionController::RoutingError (No route matches "/javascripts/prototype.js" with {:method=>:get}):
  

Rendering rescues/layout (not_found)


Processing ApplicationController#index (for 127.0.0.1 at 2010-08-27 11:29:43) [GET]

ActionController::RoutingError (No route matches "/javascripts/effects.js" with {:method=>:get}):
  

Rendering rescues/layout (not_found)


Processing ForumsController#new (for 127.0.0.1 at 2010-08-27 11:30:18) [GET]
  [4;36;1mUser Load (0.0ms)[0m   [0;1mSELECT * FROM "users" WHERE ("users"."id" = 9) LIMIT 1[0m
Rendering template within layouts/beast
Rendering forums/new
Rendered forums/_form (6.0ms)
Rendered layouts/_head (6.0ms)
Completed in 123ms (View: 45, DB: 0) | 200 OK [http://localhost/forums/new]


Processing ApplicationController#index (for 127.0.0.1 at 2010-08-27 11:30:19) [GET]

ActionController::RoutingError (No route matches "/javascripts/prototype.js" with {:method=>:get}):
  

Rendering rescues/layout (not_found)


Processing ApplicationController#index (for 127.0.0.1 at 2010-08-27 11:30:19) [GET]

ActionController::RoutingError (No route matches "/javascripts/effects.js" with {:method=>:get}):
  

Rendering rescues/layout (not_found)


Processing ForumsController#new (for 127.0.0.1 at 2010-08-27 11:31:05) [GET]
  [4;36;1mUser Load (0.0ms)[0m   [0;1mSELECT * FROM "users" WHERE ("users"."id" = 9) LIMIT 1[0m
Rendering template within layouts/beast
Rendering forums/new
Rendered forums/_form (6.0ms)
Rendered layouts/_head (5.0ms)
Completed in 124ms (View: 44, DB: 0) | 200 OK [http://localhost/forums/new]


Processing ApplicationController#index (for 127.0.0.1 at 2010-08-27 11:31:07) [GET]

ActionController::RoutingError (No route matches "/javascripts/prototype.js" with {:method=>:get}):
  

Rendering rescues/layout (not_found)


Processing ApplicationController#index (for 127.0.0.1 at 2010-08-27 11:31:07) [GET]

ActionController::RoutingError (No route matches "/javascripts/effects.js" with {:method=>:get}):
  

Rendering rescues/layout (not_found)


Processing ForumsController#new (for 127.0.0.1 at 2010-08-27 11:33:48) [GET]
  [4;36;1mUser Load (1.0ms)[0m   [0;1mSELECT * FROM "users" WHERE ("users"."id" = 9) LIMIT 1[0m
Rendering template within layouts/beast
Rendering forums/new
Rendered forums/_form (6.0ms)
Rendered layouts/_head (5.0ms)
Completed in 122ms (View: 44, DB: 1) | 200 OK [http://localhost/forums/new]


Processing ApplicationController#index (for 127.0.0.1 at 2010-08-27 11:33:49) [GET]

ActionController::RoutingError (No route matches "/javascripts/prototype.js" with {:method=>:get}):
  

Rendering rescues/layout (not_found)


Processing ApplicationController#index (for 127.0.0.1 at 2010-08-27 11:33:49) [GET]

ActionController::RoutingError (No route matches "/javascripts/effects.js" with {:method=>:get}):
  

Rendering rescues/layout (not_found)


Processing ForumsController#new (for 127.0.0.1 at 2010-08-27 11:34:50) [GET]
  [4;35;1mUser Load (0.0ms)[0m   [0mSELECT * FROM "users" WHERE ("users"."id" = 9) LIMIT 1[0m
Rendering template within layouts/beast
Rendering forums/new
Rendered forums/_form (4.0ms)
Rendered layouts/_head (5.0ms)
Completed in 89ms (View: 21, DB: 0) | 200 OK [http://localhost/forums/new]


Processing ApplicationController#index (for 127.0.0.1 at 2010-08-27 11:34:51) [GET]

ActionController::RoutingError (No route matches "/javascripts/prototype.js" with {:method=>:get}):
  

Rendering rescues/layout (not_found)


Processing ApplicationController#index (for 127.0.0.1 at 2010-08-27 11:34:52) [GET]

ActionController::RoutingError (No route matches "/javascripts/effects.js" with {:method=>:get}):
  

Rendering rescues/layout (not_found)


Processing ForumsController#index (for 127.0.0.1 at 2010-08-27 11:35:29) [GET]
  [4;36;1mUser Load (0.0ms)[0m   [0;1mSELECT * FROM "users" WHERE ("users"."id" = 9) LIMIT 1[0m
  [4;35;1mForum Load (1.0ms)[0m   [0mSELECT * FROM "forums" ORDER BY position[0m
Rendering template within layouts/beast
Rendering forums/index
  [4;36;1mSQL (0.0ms)[0m   [0;1mSELECT count(*) AS count_all FROM "topics" [0m
  [4;35;1mCACHE (0.0ms)[0m   [0mSELECT count(*) AS count_all FROM "topics" [0m
  [4;36;1mSQL (0.0ms)[0m   [0;1mSELECT count(*) AS count_all FROM "posts" [0m
  [4;35;1mCACHE (0.0ms)[0m   [0mSELECT count(*) AS count_all FROM "posts" [0m
  [4;36;1mSQL (0.0ms)[0m   [0;1mSELECT count(*) AS count_all FROM "users" WHERE (posts_count > 0) [0m
Rendered layouts/_head (5.0ms)
Completed in 100ms (View: 31, DB: 1) | 200 OK [http://localhost/forums]


Processing ApplicationController#index (for 127.0.0.1 at 2010-08-27 11:35:31) [GET]

ActionController::RoutingError (No route matches "/javascripts/prototype.js" with {:method=>:get}):
  

Rendering rescues/layout (not_found)


Processing ApplicationController#index (for 127.0.0.1 at 2010-08-27 11:35:31) [GET]

ActionController::RoutingError (No route matches "/javascripts/effects.js" with {:method=>:get}):
  

Rendering rescues/layout (not_found)


Processing ForumsController#index (for 127.0.0.1 at 2010-08-27 11:37:14) [GET]
  [4;36;1mUser Load (0.0ms)[0m   [0;1mSELECT * FROM "users" WHERE ("users"."id" = 9) LIMIT 1[0m
  [4;35;1mForum Load (1.0ms)[0m   [0mSELECT * FROM "forums" ORDER BY position[0m
Rendering template within layouts/beast
Rendering forums/index
  [4;36;1mSQL (1.0ms)[0m   [0;1mSELECT count(*) AS count_all FROM "topics" [0m
  [4;35;1mCACHE (0.0ms)[0m   [0mSELECT count(*) AS count_all FROM "topics" [0m
  [4;36;1mSQL (0.0ms)[0m   [0;1mSELECT count(*) AS count_all FROM "posts" [0m
  [4;35;1mCACHE (0.0ms)[0m   [0mSELECT count(*) AS count_all FROM "posts" [0m
  [4;36;1mSQL (0.0ms)[0m   [0;1mSELECT count(*) AS count_all FROM "users" WHERE (posts_count > 0) [0m
Rendered layouts/_head (7.0ms)
Completed in 122ms (View: 44, DB: 2) | 200 OK [http://localhost/forums]


Processing ApplicationController#index (for 127.0.0.1 at 2010-08-27 11:37:16) [GET]

ActionController::RoutingError (No route matches "/javascripts/prototype.js" with {:method=>:get}):
  

Rendering rescues/layout (not_found)


Processing ApplicationController#index (for 127.0.0.1 at 2010-08-27 11:37:16) [GET]

ActionController::RoutingError (No route matches "/javascripts/effects.js" with {:method=>:get}):
  

Rendering rescues/layout (not_found)


Processing ForumsController#show (for 127.0.0.1 at 2010-08-27 11:37:21) [GET]
  Parameters: {"id"=>"new\\"}
  [4;35;1mUser Load (0.0ms)[0m   [0mSELECT * FROM "users" WHERE ("users"."id" = 9) LIMIT 1[0m
  [4;36;1mForum Load (0.0ms)[0m   [0;1mSELECT * FROM "forums" WHERE ("forums"."id" = 0) [0m

ActiveRecord::RecordNotFound (Couldn't find Forum with ID=new\):
  c:/Ruby187/lib/ruby/gems/1.8/gems/savage-beast-0.1.0/app/controllers/forums_controller.rb:60:in `find_or_initialize_forum'

Rendered rescues/_trace (45.0ms)
Rendered rescues/_request_and_response (2.0ms)
Rendering rescues/layout (not_found)


Processing ForumsController#new (for 127.0.0.1 at 2010-08-27 11:37:27) [GET]
  [4;35;1mUser Load (1.0ms)[0m   [0mSELECT * FROM "users" WHERE ("users"."id" = 9) LIMIT 1[0m
Rendering template within layouts/beast
Rendering forums/new
Rendered forums/_form (5.0ms)
Rendered layouts/_head (5.0ms)
Completed in 156ms (View: 31, DB: 1) | 200 OK [http://localhost/forums/new]


Processing ApplicationController#index (for 127.0.0.1 at 2010-08-27 11:37:28) [GET]

ActionController::RoutingError (No route matches "/javascripts/prototype.js" with {:method=>:get}):
  

Rendering rescues/layout (not_found)


Processing ApplicationController#index (for 127.0.0.1 at 2010-08-27 11:37:28) [GET]

ActionController::RoutingError (No route matches "/javascripts/effects.js" with {:method=>:get}):
  

Rendering rescues/layout (not_found)


Processing ForumsController#new (for 127.0.0.1 at 2010-08-27 11:38:23) [GET]
  [4;36;1mUser Load (1.0ms)[0m   [0;1mSELECT * FROM "users" WHERE ("users"."id" = 9) LIMIT 1[0m
Rendering template within layouts/beast
Rendering forums/new
Rendered forums/_form (6.0ms)
Rendered layouts/_head (8.0ms)
Completed in 125ms (View: 46, DB: 1) | 200 OK [http://localhost/forums/new]


Processing ApplicationController#index (for 127.0.0.1 at 2010-08-27 11:38:24) [GET]

ActionController::RoutingError (No route matches "/javascripts/prototype.js" with {:method=>:get}):
  

Rendering rescues/layout (not_found)


Processing ApplicationController#index (for 127.0.0.1 at 2010-08-27 11:38:24) [GET]

ActionController::RoutingError (No route matches "/javascripts/effects.js" with {:method=>:get}):
  

Rendering rescues/layout (not_found)


Processing ForumsController#new (for 127.0.0.1 at 2010-08-27 11:40:33) [GET]
  [4;36;1mUser Load (0.0ms)[0m   [0;1mSELECT * FROM "users" WHERE ("users"."id" = 9) LIMIT 1[0m
Rendering template within layouts/beast
Rendering forums/new
Rendered forums/_form (6.0ms)
Rendered layouts/_head (7.0ms)
Completed in 123ms (View: 45, DB: 0) | 200 OK [http://localhost/forums/new]


Processing ApplicationController#index (for 127.0.0.1 at 2010-08-27 11:40:34) [GET]

ActionController::RoutingError (No route matches "/javascripts/effects.js" with {:method=>:get}):
  

Rendering rescues/layout (not_found)


Processing ApplicationController#index (for 127.0.0.1 at 2010-08-27 11:40:35) [GET]

ActionController::RoutingError (No route matches "/javascripts/prototype.js" with {:method=>:get}):
  

Rendering rescues/layout (not_found)


Processing ApplicationController#index (for 127.0.0.1 at 2010-08-27 11:40:36) [GET]

ActionController::RoutingError (No route matches "/javascripts/effects.js" with {:method=>:get}):
  

Rendering rescues/layout (not_found)


Processing ForumsController#new (for 127.0.0.1 at 2010-08-27 11:40:43) [GET]
  [4;35;1mUser Load (1.0ms)[0m   [0mSELECT * FROM "users" WHERE ("users"."id" = 9) LIMIT 1[0m
Rendering template within layouts/beast
Rendering forums/new
Rendered forums/_form (4.0ms)
Rendered layouts/_head (5.0ms)
Completed in 89ms (View: 21, DB: 1) | 200 OK [http://localhost/forums/new]


Processing ApplicationController#index (for 127.0.0.1 at 2010-08-27 11:40:44) [GET]

ActionController::RoutingError (No route matches "/javascripts/prototype.js" with {:method=>:get}):
  

Rendering rescues/layout (not_found)


Processing ApplicationController#index (for 127.0.0.1 at 2010-08-27 11:40:44) [GET]

ActionController::RoutingError (No route matches "/javascripts/effects.js" with {:method=>:get}):
  

Rendering rescues/layout (not_found)


Processing ForumsController#index (for 127.0.0.1 at 2010-08-27 11:40:49) [GET]
  [4;36;1mUser Load (0.0ms)[0m   [0;1mSELECT * FROM "users" WHERE ("users"."id" = 9) LIMIT 1[0m
  [4;35;1mForum Load (1.0ms)[0m   [0mSELECT * FROM "forums" ORDER BY position[0m
Rendering template within layouts/beast
Rendering forums/index
  [4;36;1mSQL (0.0ms)[0m   [0;1mSELECT count(*) AS count_all FROM "topics" [0m
  [4;35;1mCACHE (0.0ms)[0m   [0mSELECT count(*) AS count_all FROM "topics" [0m
  [4;36;1mSQL (0.0ms)[0m   [0;1mSELECT count(*) AS count_all FROM "posts" [0m
  [4;35;1mCACHE (0.0ms)[0m   [0mSELECT count(*) AS count_all FROM "posts" [0m
  [4;36;1mSQL (1.0ms)[0m   [0;1mSELECT count(*) AS count_all FROM "users" WHERE (posts_count > 0) [0m
Rendered layouts/_head (5.0ms)
Completed in 111ms (View: 44, DB: 2) | 200 OK [http://localhost/forums]


Processing ApplicationController#index (for 127.0.0.1 at 2010-08-27 11:40:50) [GET]

ActionController::RoutingError (No route matches "/javascripts/prototype.js" with {:method=>:get}):
  

Rendering rescues/layout (not_found)


Processing ApplicationController#index (for 127.0.0.1 at 2010-08-27 11:40:50) [GET]

ActionController::RoutingError (No route matches "/javascripts/effects.js" with {:method=>:get}):
  

Rendering rescues/layout (not_found)


Processing ForumsController#new (for 127.0.0.1 at 2010-08-27 11:42:09) [GET]
  [4;35;1mUser Load (0.0ms)[0m   [0mSELECT * FROM "users" WHERE ("users"."id" = 9) LIMIT 1[0m
Rendering template within layouts/beast
Rendering forums/new
Rendered forums/_form (4.0ms)
Rendered layouts/_head (5.0ms)
Completed in 147ms (View: 22, DB: 0) | 200 OK [http://localhost/forums/new]


Processing ApplicationController#index (for 127.0.0.1 at 2010-08-27 11:42:10) [GET]

ActionController::RoutingError (No route matches "/javascripts/prototype.js" with {:method=>:get}):
  

Rendering rescues/layout (not_found)


Processing ApplicationController#index (for 127.0.0.1 at 2010-08-27 11:42:10) [GET]

ActionController::RoutingError (No route matches "/javascripts/effects.js" with {:method=>:get}):
  

Rendering rescues/layout (not_found)


Processing UsersController#show (for 127.0.0.1 at 2010-08-27 14:15:35) [GET]
  Parameters: {"id"=>"9"}
  [4;36;1mUser Load (0.0ms)[0m   [0;1mSELECT * FROM "users" WHERE ("users"."id" = 9) [0m
Rendering template within layouts/application
Rendering users/show
  [4;35;1mUser Load (0.0ms)[0m   [0mSELECT * FROM "users" WHERE ("users"."id" = 9) LIMIT 1[0m
Completed in 145ms (View: 21, DB: 0) | 200 OK [http://localhost/users/9]


Processing ForumsController#index (for 127.0.0.1 at 2010-08-27 14:15:41) [GET]
  [4;36;1mUser Load (0.0ms)[0m   [0;1mSELECT * FROM "users" WHERE ("users"."id" = 9) LIMIT 1[0m
  [4;35;1mForum Load (0.0ms)[0m   [0mSELECT * FROM "forums" ORDER BY position[0m
Rendering template within layouts/beast
Rendering forums/index
  [4;36;1mSQL (0.0ms)[0m   [0;1mSELECT count(*) AS count_all FROM "topics" [0m
  [4;35;1mCACHE (0.0ms)[0m   [0mSELECT count(*) AS count_all FROM "topics" [0m
  [4;36;1mSQL (0.0ms)[0m   [0;1mSELECT count(*) AS count_all FROM "posts" [0m
  [4;35;1mCACHE (0.0ms)[0m   [0mSELECT count(*) AS count_all FROM "posts" [0m
  [4;36;1mSQL (0.0ms)[0m   [0;1mSELECT count(*) AS count_all FROM "users" WHERE (posts_count > 0) [0m
Rendered layouts/_head (5.0ms)
Completed in 89ms (View: 22, DB: 0) | 200 OK [http://localhost/forums]


Processing ApplicationController#index (for 127.0.0.1 at 2010-08-27 14:15:42) [GET]

ActionController::RoutingError (No route matches "/javascripts/prototype.js" with {:method=>:get}):
  

Rendering rescues/layout (not_found)


Processing ApplicationController#index (for 127.0.0.1 at 2010-08-27 14:15:42) [GET]

ActionController::RoutingError (No route matches "/javascripts/effects.js" with {:method=>:get}):
  

Rendering rescues/layout (not_found)


Processing ForumsController#new (for 127.0.0.1 at 2010-08-27 14:16:16) [GET]
  [4;35;1mUser Load (0.0ms)[0m   [0mSELECT * FROM "users" WHERE ("users"."id" = 9) LIMIT 1[0m
Rendering template within layouts/beast
Rendering forums/new
Rendered forums/_form (4.0ms)
Rendered layouts/_head (5.0ms)
Completed in 88ms (View: 21, DB: 0) | 200 OK [http://localhost/forums/new]


Processing ApplicationController#index (for 127.0.0.1 at 2010-08-27 14:16:18) [GET]

ActionController::RoutingError (No route matches "/javascripts/prototype.js" with {:method=>:get}):
  

Rendering rescues/layout (not_found)


Processing ApplicationController#index (for 127.0.0.1 at 2010-08-27 14:16:18) [GET]

ActionController::RoutingError (No route matches "/javascripts/effects.js" with {:method=>:get}):
  

Rendering rescues/layout (not_found)


Processing ForumsController#new (for 127.0.0.1 at 2010-08-27 14:39:48) [GET]
  [4;36;1mUser Load (0.0ms)[0m   [0;1mSELECT * FROM "users" WHERE ("users"."id" = 9) LIMIT 1[0m
Rendering template within layouts/beast
Rendering forums/new
Rendered forums/_form (7.0ms)
Rendered layouts/_head (12.0ms)
Completed in 151ms (View: 61, DB: 0) | 200 OK [http://localhost/forums/new]


Processing ApplicationController#index (for 127.0.0.1 at 2010-08-27 14:39:50) [GET]

ActionController::RoutingError (No route matches "/javascripts/prototype.js" with {:method=>:get}):
  

Rendering rescues/layout (not_found)


Processing ApplicationController#index (for 127.0.0.1 at 2010-08-27 14:39:50) [GET]

ActionController::RoutingError (No route matches "/javascripts/effects.js" with {:method=>:get}):
  

Rendering rescues/layout (not_found)


Processing ForumsController#new (for 127.0.0.1 at 2010-08-27 14:42:20) [GET]
  [4;36;1mUser Load (0.0ms)[0m   [0;1mSELECT * FROM "users" WHERE ("users"."id" = 9) LIMIT 1[0m
Rendering template within layouts/beast
Rendering forums/new
Rendered forums/_form (7.0ms)
Rendered layouts/_head (7.0ms)
Completed in 151ms (View: 73, DB: 0) | 200 OK [http://localhost/forums/new]


Processing ApplicationController#index (for 127.0.0.1 at 2010-08-27 14:42:21) [GET]

ActionController::RoutingError (No route matches "/javascripts/prototype.js" with {:method=>:get}):
  

Rendering rescues/layout (not_found)


Processing ApplicationController#index (for 127.0.0.1 at 2010-08-27 14:42:21) [GET]

ActionController::RoutingError (No route matches "/javascripts/effects.js" with {:method=>:get}):
  

Rendering rescues/layout (not_found)


Processing ForumsController#index (for 127.0.0.1 at 2010-08-27 14:42:27) [GET]
  [4;35;1mUser Load (1.0ms)[0m   [0mSELECT * FROM "users" WHERE ("users"."id" = 9) LIMIT 1[0m
  [4;36;1mForum Load (0.0ms)[0m   [0;1mSELECT * FROM "forums" ORDER BY position[0m
Rendering template within layouts/beast
Rendering forums/index
  [4;35;1mSQL (0.0ms)[0m   [0mSELECT count(*) AS count_all FROM "topics" [0m
  [4;36;1mCACHE (0.0ms)[0m   [0;1mSELECT count(*) AS count_all FROM "topics" [0m
  [4;35;1mSQL (1.0ms)[0m   [0mSELECT count(*) AS count_all FROM "posts" [0m
  [4;36;1mCACHE (0.0ms)[0m   [0;1mSELECT count(*) AS count_all FROM "posts" [0m
  [4;35;1mSQL (0.0ms)[0m   [0mSELECT count(*) AS count_all FROM "users" WHERE (posts_count > 0) [0m
Rendered layouts/_head (5.0ms)
Completed in 105ms (View: 37, DB: 2) | 200 OK [http://localhost/forums]


Processing ApplicationController#index (for 127.0.0.1 at 2010-08-27 14:42:28) [GET]

ActionController::RoutingError (No route matches "/javascripts/prototype.js" with {:method=>:get}):
  

Rendering rescues/layout (not_found)


Processing ApplicationController#index (for 127.0.0.1 at 2010-08-27 14:42:28) [GET]

ActionController::RoutingError (No route matches "/javascripts/effects.js" with {:method=>:get}):
  

Rendering rescues/layout (not_found)


Processing ForumsController#index (for 127.0.0.1 at 2010-08-27 14:43:40) [GET]
  [4;36;1mUser Load (0.0ms)[0m   [0;1mSELECT * FROM "users" WHERE ("users"."id" = 9) LIMIT 1[0m
  [4;35;1mForum Load (1.0ms)[0m   [0mSELECT * FROM "forums" ORDER BY position[0m
Rendering template within layouts/beast
Rendering forums/index
  [4;36;1mSQL (0.0ms)[0m   [0;1mSELECT count(*) AS count_all FROM "topics" [0m
  [4;35;1mCACHE (0.0ms)[0m   [0mSELECT count(*) AS count_all FROM "topics" [0m
  [4;36;1mSQL (0.0ms)[0m   [0;1mSELECT count(*) AS count_all FROM "posts" [0m
  [4;35;1mCACHE (0.0ms)[0m   [0mSELECT count(*) AS count_all FROM "posts" [0m
  [4;36;1mSQL (1.0ms)[0m   [0;1mSELECT count(*) AS count_all FROM "users" WHERE (posts_count > 0) [0m
Rendered layouts/_head (8.0ms)
Completed in 123ms (View: 44, DB: 2) | 200 OK [http://localhost/forums]


Processing ApplicationController#index (for 127.0.0.1 at 2010-08-27 14:43:41) [GET]

ActionController::RoutingError (No route matches "/javascripts/effects.js" with {:method=>:get}):
  

Rendering rescues/layout (not_found)


Processing ApplicationController#index (for 127.0.0.1 at 2010-08-27 14:43:42) [GET]

ActionController::RoutingError (No route matches "/javascripts/prototype.js" with {:method=>:get}):
  

Rendering rescues/layout (not_found)


Processing ApplicationController#index (for 127.0.0.1 at 2010-08-27 14:43:43) [GET]

ActionController::RoutingError (No route matches "/javascripts/effects.js" with {:method=>:get}):
  

Rendering rescues/layout (not_found)


Processing ForumsController#new (for 127.0.0.1 at 2010-08-27 14:43:48) [GET]
  [4;35;1mUser Load (0.0ms)[0m   [0mSELECT * FROM "users" WHERE ("users"."id" = 9) LIMIT 1[0m
Rendering template within layouts/beast
Rendering forums/new
Rendered forums/_form (5.0ms)
Rendered layouts/_head (4.0ms)
Completed in 99ms (View: 32, DB: 0) | 200 OK [http://localhost/forums/new]


Processing ApplicationController#index (for 127.0.0.1 at 2010-08-27 14:43:50) [GET]

ActionController::RoutingError (No route matches "/javascripts/prototype.js" with {:method=>:get}):
  

Rendering rescues/layout (not_found)


Processing ApplicationController#index (for 127.0.0.1 at 2010-08-27 14:43:50) [GET]

ActionController::RoutingError (No route matches "/javascripts/effects.js" with {:method=>:get}):
  

Rendering rescues/layout (not_found)


Processing ForumsController#new (for 127.0.0.1 at 2010-08-27 14:45:25) [GET]
  [4;36;1mUser Load (1.0ms)[0m   [0;1mSELECT * FROM "users" WHERE ("users"."id" = 9) LIMIT 1[0m
Rendering template within layouts/beast
Rendering forums/new
Rendered forums/_form (6.0ms)
Rendered layouts/_head (7.0ms)
Completed in 124ms (View: 47, DB: 1) | 200 OK [http://localhost/forums/new]


Processing ApplicationController#index (for 127.0.0.1 at 2010-08-27 14:45:26) [GET]

ActionController::RoutingError (No route matches "/javascripts/prototype.js" with {:method=>:get}):
  

Rendering rescues/layout (not_found)


Processing ApplicationController#index (for 127.0.0.1 at 2010-08-27 14:45:27) [GET]

ActionController::RoutingError (No route matches "/javascripts/effects.js" with {:method=>:get}):
  

Rendering rescues/layout (not_found)


Processing UsersController#index (for 127.0.0.1 at 2010-08-27 14:45:35) [GET]
  [4;35;1mUser Load (1.0ms)[0m   [0mSELECT * FROM "users" [0m
Rendering template within layouts/application
Rendering users/index
  [4;36;1mUser Load (0.0ms)[0m   [0;1mSELECT * FROM "users" WHERE ("users"."id" = 9) LIMIT 1[0m
Completed in 94ms (View: 28, DB: 1) | 200 OK [http://localhost/users]


Processing UserSessionsController#destroy (for 127.0.0.1 at 2010-08-27 14:45:40) [GET]
Redirected to http://localhost:3000/
Completed in 3ms (DB: 0) | 302 Found [http://localhost/logout]


Processing UsersController#index (for 127.0.0.1 at 2010-08-27 14:45:41) [GET]
  [4;35;1mUser Load (1.0ms)[0m   [0mSELECT * FROM "users" [0m
Rendering template within layouts/application
Rendering users/index
  [4;36;1mUser Load (1.0ms)[0m   [0;1mSELECT * FROM "users" WHERE ("users"."id" IS NULL) LIMIT 1[0m
Completed in 125ms (View: 5, DB: 2) | 200 OK [http://localhost/]


Processing ForumsController#index (for 127.0.0.1 at 2010-08-27 14:45:47) [GET]
  [4;35;1mUser Load (0.0ms)[0m   [0mSELECT * FROM "users" WHERE ("users"."id" IS NULL) LIMIT 1[0m
Redirected to http://localhost:3000/login
Filter chain halted as [:require_user] rendered_or_redirected.
Completed in 65ms (DB: 0) | 302 Found [http://localhost/forums]


Processing UserSessionsController#new (for 127.0.0.1 at 2010-08-27 14:45:49) [GET]
Rendering template within layouts/application
Rendering user_sessions/new
  [4;36;1mUser Load (0.0ms)[0m   [0;1mSELECT * FROM "users" WHERE ("users"."id" IS NULL) LIMIT 1[0m
Completed in 163ms (View: 159, DB: 0) | 200 OK [http://localhost/login]


Processing UserSessionsController#create (for 127.0.0.1 at 2010-08-27 14:45:58) [POST]
  Parameters: {"token"=>"8c7a1ff2cac4ea5594aec493f0256e08d14632a9"}
  [4;35;1mUser Load (0.0ms)[0m   [0mSELECT * FROM "users" WHERE ("users"."identifier" = 'http://twitter.com/account/profile?user_id=10705042') LIMIT 1[0m
Redirected to http://localhost:3000/forums
Completed in 9093ms (DB: 0) | 302 Found [http://localhost/user_sessions]


Processing ForumsController#index (for 127.0.0.1 at 2010-08-27 14:46:08) [GET]
  [4;36;1mUser Load (0.0ms)[0m   [0;1mSELECT * FROM "users" WHERE ("users"."id" = 9) LIMIT 1[0m
  [4;35;1mForum Load (0.0ms)[0m   [0mSELECT * FROM "forums" ORDER BY position[0m
Rendering template within layouts/beast
Rendering forums/index
  [4;36;1mSQL (0.0ms)[0m   [0;1mSELECT count(*) AS count_all FROM "topics" [0m
  [4;35;1mCACHE (0.0ms)[0m   [0mSELECT count(*) AS count_all FROM "topics" [0m
  [4;36;1mSQL (0.0ms)[0m   [0;1mSELECT count(*) AS count_all FROM "posts" [0m
  [4;35;1mCACHE (0.0ms)[0m   [0mSELECT count(*) AS count_all FROM "posts" [0m
  [4;36;1mSQL (0.0ms)[0m   [0;1mSELECT count(*) AS count_all FROM "users" WHERE (posts_count > 0) [0m
Rendered layouts/_head (5.0ms)
Completed in 157ms (View: 90, DB: 0) | 200 OK [http://localhost/forums]


Processing ApplicationController#index (for 127.0.0.1 at 2010-08-27 14:46:09) [GET]

ActionController::RoutingError (No route matches "/javascripts/prototype.js" with {:method=>:get}):
  

Rendering rescues/layout (not_found)


Processing ApplicationController#index (for 127.0.0.1 at 2010-08-27 14:46:09) [GET]

ActionController::RoutingError (No route matches "/javascripts/effects.js" with {:method=>:get}):
  

Rendering rescues/layout (not_found)


Processing UsersController#index (for 127.0.0.1 at 2010-08-27 15:04:22) [GET]
  [4;35;1mUser Load (2.0ms)[0m   [0mSELECT * FROM "users" [0m
Rendering template within layouts/application
Rendering users/index
  [4;36;1mUser Load (0.0ms)[0m   [0;1mSELECT * FROM "users" WHERE ("users"."id" = 9) LIMIT 1[0m
Completed in 132ms (View: 17, DB: 2) | 200 OK [http://localhost/users]


Processing UsersController#destroy (for 127.0.0.1 at 2010-08-27 15:04:28) [DELETE]
  Parameters: {"authenticity_token"=>"lxNqbArPavZDKAELOgNhjHQ+TShD06r0xjrXaAHsHLg=", "id"=>"9"}
  [4;35;1mUser Load (1.0ms)[0m   [0mSELECT * FROM "users" WHERE ("users"."id" = 9) LIMIT 1[0m
  [4;36;1mUser Load (0.0ms)[0m   [0;1mSELECT * FROM "users" WHERE ("users"."id" = 9) [0m
  [4;35;1mModeratorship Load (0.0ms)[0m   [0mSELECT * FROM "moderatorships" WHERE ("moderatorships".user_id = 9) [0m
  [4;36;1mUser Destroy (2.0ms)[0m   [0;1mDELETE FROM "users" WHERE "id" = 9[0m
Redirected to http://localhost:3000/users
Completed in 374ms (DB: 3) | 302 Found [http://localhost/users/9]


Processing UsersController#index (for 127.0.0.1 at 2010-08-27 15:04:30) [GET]
  [4;35;1mUser Load (1.0ms)[0m   [0mSELECT * FROM "users" [0m
Rendering template within layouts/application
Rendering users/index
  [4;36;1mUser Load (0.0ms)[0m   [0;1mSELECT * FROM "users" WHERE ("users"."id" = 9) LIMIT 1[0m
Completed in 82ms (View: 10, DB: 1) | 200 OK [http://localhost/users]
